<?xml version="1.0" encoding="UTF-8"?>
<coverage generated="1536089403044" clover="3.2.0">
  <project timestamp="1536089403044" name="All files">
    <metrics statements="225" coveredstatements="193" conditionals="74" coveredconditionals="59" methods="106" coveredmethods="75" elements="405" coveredelements="327" complexity="0" loc="225" ncloc="225" packages="9" files="25" classes="25">
      <package name="actions">
        <metrics statements="53" coveredstatements="49" conditionals="8" coveredconditionals="5" methods="28" coveredmethods="24"/>
        <file name="authActions.js" path="/Users/ilyameerovich/Documents/Projects/React/expenseTracker/src/actions/authActions.js">
          <metrics statements="10" coveredstatements="6" conditionals="0" coveredconditionals="0" methods="6" coveredmethods="2"/>
          <line num="3" count="3" type="stmt"/>
          <line num="4" count="1" type="stmt"/>
          <line num="10" count="3" type="stmt"/>
          <line num="11" count="1" type="stmt"/>
          <line num="16" count="3" type="stmt"/>
          <line num="17" count="0" type="stmt"/>
          <line num="18" count="0" type="stmt"/>
          <line num="22" count="3" type="stmt"/>
          <line num="23" count="0" type="stmt"/>
          <line num="24" count="0" type="stmt"/>
        </file>
        <file name="expenseActions.js" path="/Users/ilyameerovich/Documents/Projects/React/expenseTracker/src/actions/expenseActions.js">
          <metrics statements="33" coveredstatements="33" conditionals="5" coveredconditionals="4" methods="17" coveredmethods="17"/>
          <line num="5" count="3" type="stmt"/>
          <line num="6" count="3" type="stmt"/>
          <line num="12" count="3" type="cond" truecount="0" falsecount="1"/>
          <line num="13" count="2" type="stmt"/>
          <line num="14" count="2" type="stmt"/>
          <line num="15" count="2" type="cond" truecount="4" falsecount="0"/>
          <line num="16" count="2" type="stmt"/>
          <line num="23" count="2" type="stmt"/>
          <line num="24" count="2" type="stmt"/>
          <line num="32" count="3" type="stmt"/>
          <line num="33" count="2" type="stmt"/>
          <line num="39" count="3" type="stmt"/>
          <line num="40" count="1" type="stmt"/>
          <line num="41" count="1" type="stmt"/>
          <line num="42" count="1" type="stmt"/>
          <line num="44" count="1" type="stmt"/>
          <line num="49" count="3" type="stmt"/>
          <line num="50" count="2" type="stmt"/>
          <line num="59" count="3" type="stmt"/>
          <line num="60" count="1" type="stmt"/>
          <line num="61" count="1" type="stmt"/>
          <line num="62" count="1" type="stmt"/>
          <line num="67" count="1" type="stmt"/>
          <line num="72" count="3" type="stmt"/>
          <line num="73" count="2" type="stmt"/>
          <line num="79" count="3" type="stmt"/>
          <line num="80" count="1" type="stmt"/>
          <line num="81" count="1" type="stmt"/>
          <line num="82" count="1" type="stmt"/>
          <line num="84" count="1" type="stmt"/>
          <line num="85" count="1" type="stmt"/>
          <line num="86" count="2" type="stmt"/>
          <line num="91" count="1" type="stmt"/>
        </file>
        <file name="filterActions.js" path="/Users/ilyameerovich/Documents/Projects/React/expenseTracker/src/actions/filterActions.js">
          <metrics statements="10" coveredstatements="10" conditionals="3" coveredconditionals="1" methods="5" coveredmethods="5"/>
          <line num="1" count="3" type="cond" truecount="1" falsecount="0"/>
          <line num="2" count="2" type="stmt"/>
          <line num="8" count="3" type="stmt"/>
          <line num="9" count="1" type="stmt"/>
          <line num="14" count="3" type="stmt"/>
          <line num="15" count="1" type="stmt"/>
          <line num="20" count="3" type="cond" truecount="0" falsecount="1"/>
          <line num="21" count="1" type="stmt"/>
          <line num="27" count="3" type="cond" truecount="0" falsecount="1"/>
          <line num="28" count="1" type="stmt"/>
        </file>
      </package>
      <package name="components">
        <metrics statements="111" coveredstatements="88" conditionals="24" coveredconditionals="23" methods="64" coveredmethods="41"/>
        <file name="CreateExpensePage.js" path="/Users/ilyameerovich/Documents/Projects/React/expenseTracker/src/components/CreateExpensePage.js">
          <metrics statements="8" coveredstatements="6" conditionals="0" coveredconditionals="0" methods="5" coveredmethods="3"/>
          <line num="9" count="2" type="stmt"/>
          <line num="10" count="2" type="stmt"/>
          <line num="13" count="1" type="stmt"/>
          <line num="14" count="1" type="stmt"/>
          <line num="17" count="2" type="stmt"/>
          <line num="29" count="1" type="stmt"/>
          <line num="30" count="0" type="stmt"/>
          <line num="32" count="0" type="stmt"/>
        </file>
        <file name="EditExpensePage.js" path="/Users/ilyameerovich/Documents/Projects/React/expenseTracker/src/components/EditExpensePage.js">
          <metrics statements="15" coveredstatements="10" conditionals="0" coveredconditionals="0" methods="9" coveredmethods="4"/>
          <line num="10" count="3" type="stmt"/>
          <line num="11" count="3" type="stmt"/>
          <line num="12" count="3" type="stmt"/>
          <line num="15" count="1" type="stmt"/>
          <line num="16" count="1" type="stmt"/>
          <line num="19" count="1" type="stmt"/>
          <line num="20" count="1" type="stmt"/>
          <line num="24" count="3" type="stmt"/>
          <line num="44" count="1" type="stmt"/>
          <line num="45" count="0" type="stmt"/>
          <line num="46" count="0" type="stmt"/>
          <line num="50" count="1" type="stmt"/>
          <line num="51" count="0" type="stmt"/>
          <line num="53" count="0" type="stmt"/>
          <line num="56" count="0" type="stmt"/>
        </file>
        <file name="ExpenseForm.js" path="/Users/ilyameerovich/Documents/Projects/React/expenseTracker/src/components/ExpenseForm.js">
          <metrics statements="30" coveredstatements="29" conditionals="18" coveredconditionals="17" methods="16" coveredmethods="15"/>
          <line num="11" count="10" type="stmt"/>
          <line num="12" count="10" type="stmt"/>
          <line num="21" count="10" type="stmt"/>
          <line num="22" count="10" type="stmt"/>
          <line num="23" count="10" type="stmt"/>
          <line num="24" count="10" type="stmt"/>
          <line num="25" count="10" type="stmt"/>
          <line num="26" count="10" type="stmt"/>
          <line num="30" count="1" type="stmt"/>
          <line num="31" count="1" type="stmt"/>
          <line num="32" count="1" type="stmt"/>
          <line num="39" count="2" type="stmt"/>
          <line num="40" count="2" type="cond" truecount="4" falsecount="0"/>
          <line num="41" count="1" type="stmt"/>
          <line num="42" count="1" type="stmt"/>
          <line num="50" count="1" type="stmt"/>
          <line num="51" count="1" type="stmt"/>
          <line num="52" count="1" type="stmt"/>
          <line num="59" count="1" type="cond" truecount="1" falsecount="1"/>
          <line num="60" count="1" type="stmt"/>
          <line num="61" count="1" type="stmt"/>
          <line num="69" count="1" type="stmt"/>
          <line num="70" count="1" type="stmt"/>
          <line num="76" count="2" type="stmt"/>
          <line num="77" count="2" type="cond" truecount="4" falsecount="0"/>
          <line num="78" count="1" type="stmt"/>
          <line num="84" count="1" type="stmt"/>
          <line num="88" count="1" type="stmt"/>
          <line num="98" count="17" type="stmt"/>
          <line num="109" count="0" type="stmt"/>
        </file>
        <file name="ExpenseList.js" path="/Users/ilyameerovich/Documents/Projects/React/expenseTracker/src/components/ExpenseList.js">
          <metrics statements="5" coveredstatements="4" conditionals="2" coveredconditionals="2" methods="3" coveredmethods="2"/>
          <line num="8" count="2" type="stmt"/>
          <line num="10" count="2" type="stmt"/>
          <line num="18" count="1" type="stmt"/>
          <line num="27" count="2" type="stmt"/>
          <line num="28" count="0" type="stmt"/>
        </file>
        <file name="ExpenseListFilters.js" path="/Users/ilyameerovich/Documents/Projects/React/expenseTracker/src/components/ExpenseListFilters.js">
          <metrics statements="21" coveredstatements="13" conditionals="2" coveredconditionals="2" methods="15" coveredmethods="7"/>
          <line num="10" count="7" type="stmt"/>
          <line num="11" count="7" type="stmt"/>
          <line num="17" count="1" type="stmt"/>
          <line num="18" count="1" type="stmt"/>
          <line num="21" count="1" type="stmt"/>
          <line num="22" count="1" type="stmt"/>
          <line num="28" count="1" type="stmt"/>
          <line num="31" count="2" type="cond" truecount="2" falsecount="0"/>
          <line num="32" count="1" type="stmt"/>
          <line num="34" count="1" type="stmt"/>
          <line num="40" count="9" type="stmt"/>
          <line num="74" count="0" type="stmt"/>
          <line num="84" count="2" type="stmt"/>
          <line num="85" count="0" type="stmt"/>
          <line num="90" count="2" type="stmt"/>
          <line num="91" count="0" type="stmt"/>
          <line num="93" count="0" type="stmt"/>
          <line num="96" count="0" type="stmt"/>
          <line num="99" count="0" type="stmt"/>
          <line num="102" count="0" type="stmt"/>
          <line num="105" count="0" type="stmt"/>
        </file>
        <file name="ExpenseListItem.js" path="/Users/ilyameerovich/Documents/Projects/React/expenseTracker/src/components/ExpenseListItem.js">
          <metrics statements="4" coveredstatements="4" conditionals="0" coveredconditionals="0" methods="1" coveredmethods="1"/>
          <line num="8" count="3" type="stmt"/>
          <line num="31" count="3" type="stmt"/>
          <line num="38" count="3" type="stmt"/>
          <line num="39" count="1" type="stmt"/>
        </file>
        <file name="ExpenseSummary.js" path="/Users/ilyameerovich/Documents/Projects/React/expenseTracker/src/components/ExpenseSummary.js">
          <metrics statements="7" coveredstatements="6" conditionals="2" coveredconditionals="2" methods="4" coveredmethods="3"/>
          <line num="13" count="3" type="stmt"/>
          <line num="15" count="3" type="stmt"/>
          <line num="19" count="3" type="stmt"/>
          <line num="23" count="3" type="cond" truecount="2" falsecount="0"/>
          <line num="24" count="3" type="stmt"/>
          <line num="45" count="2" type="stmt"/>
          <line num="46" count="0" type="stmt"/>
        </file>
        <file name="Header.js" path="/Users/ilyameerovich/Documents/Projects/React/expenseTracker/src/components/Header.js">
          <metrics statements="10" coveredstatements="7" conditionals="0" coveredconditionals="0" methods="6" coveredmethods="3"/>
          <line num="10" count="2" type="stmt"/>
          <line num="11" count="2" type="stmt"/>
          <line num="12" count="2" type="stmt"/>
          <line num="14" count="2" type="stmt"/>
          <line num="19" count="1" type="stmt"/>
          <line num="23" count="0" type="stmt"/>
          <line num="27" count="2" type="stmt"/>
          <line num="58" count="1" type="stmt"/>
          <line num="59" count="0" type="stmt"/>
          <line num="61" count="0" type="stmt"/>
        </file>
        <file name="HomeDashboard.js" path="/Users/ilyameerovich/Documents/Projects/React/expenseTracker/src/components/HomeDashboard.js">
          <metrics statements="2" coveredstatements="2" conditionals="0" coveredconditionals="0" methods="1" coveredmethods="1"/>
          <line num="9" count="1" type="stmt"/>
          <line num="10" count="1" type="stmt"/>
        </file>
        <file name="LoginPage.js" path="/Users/ilyameerovich/Documents/Projects/React/expenseTracker/src/components/LoginPage.js">
          <metrics statements="5" coveredstatements="3" conditionals="0" coveredconditionals="0" methods="3" coveredmethods="1"/>
          <line num="8" count="1" type="stmt"/>
          <line num="9" count="2" type="stmt"/>
          <line num="26" count="1" type="stmt"/>
          <line num="27" count="0" type="stmt"/>
          <line num="29" count="0" type="stmt"/>
        </file>
        <file name="NotFoundPage.js" path="/Users/ilyameerovich/Documents/Projects/React/expenseTracker/src/components/NotFoundPage.js">
          <metrics statements="2" coveredstatements="2" conditionals="0" coveredconditionals="0" methods="1" coveredmethods="1"/>
          <line num="5" count="1" type="stmt"/>
          <line num="6" count="1" type="stmt"/>
        </file>
        <file name="setupTests.js" path="/Users/ilyameerovich/Documents/Projects/React/expenseTracker/src/components/setupTests.js">
          <metrics statements="2" coveredstatements="2" conditionals="0" coveredconditionals="0" methods="0" coveredmethods="0"/>
          <line num="5" count="19" type="stmt"/>
          <line num="7" count="19" type="stmt"/>
        </file>
      </package>
      <package name="components.StyledComponents.Header">
        <metrics statements="5" coveredstatements="4" conditionals="2" coveredconditionals="0" methods="1" coveredmethods="0"/>
        <file name="index.js" path="/Users/ilyameerovich/Documents/Projects/React/expenseTracker/src/components/StyledComponents/Header/index.js">
          <metrics statements="5" coveredstatements="4" conditionals="2" coveredconditionals="0" methods="1" coveredmethods="0"/>
          <line num="4" count="1" type="stmt"/>
          <line num="46" count="1" type="stmt"/>
          <line num="50" count="0" type="cond" truecount="0" falsecount="2"/>
          <line num="95" count="1" type="stmt"/>
          <line num="107" count="1" type="stmt"/>
        </file>
      </package>
      <package name="components.StyledComponents.HomeDashboard">
        <metrics statements="4" coveredstatements="4" conditionals="0" coveredconditionals="0" methods="0" coveredmethods="0"/>
        <file name="index.js" path="/Users/ilyameerovich/Documents/Projects/React/expenseTracker/src/components/StyledComponents/HomeDashboard/index.js">
          <metrics statements="4" coveredstatements="4" conditionals="0" coveredconditionals="0" methods="0" coveredmethods="0"/>
          <line num="3" count="4" type="stmt"/>
          <line num="8" count="4" type="stmt"/>
          <line num="23" count="4" type="stmt"/>
          <line num="36" count="4" type="stmt"/>
        </file>
      </package>
      <package name="components.StyledComponents.LoginPage">
        <metrics statements="2" coveredstatements="2" conditionals="0" coveredconditionals="0" methods="0" coveredmethods="0"/>
        <file name="index.js" path="/Users/ilyameerovich/Documents/Projects/React/expenseTracker/src/components/StyledComponents/LoginPage/index.js">
          <metrics statements="2" coveredstatements="2" conditionals="0" coveredconditionals="0" methods="0" coveredmethods="0"/>
          <line num="4" count="1" type="stmt"/>
          <line num="16" count="1" type="stmt"/>
        </file>
      </package>
      <package name="components.StyledComponents.Shared">
        <metrics statements="9" coveredstatements="6" conditionals="6" coveredconditionals="0" methods="3" coveredmethods="0"/>
        <file name="index.js" path="/Users/ilyameerovich/Documents/Projects/React/expenseTracker/src/components/StyledComponents/Shared/index.js">
          <metrics statements="9" coveredstatements="6" conditionals="6" coveredconditionals="0" methods="3" coveredmethods="0"/>
          <line num="3" count="7" type="stmt"/>
          <line num="4" count="0" type="cond" truecount="0" falsecount="2"/>
          <line num="11" count="7" type="stmt"/>
          <line num="20" count="7" type="stmt"/>
          <line num="32" count="7" type="stmt"/>
          <line num="42" count="7" type="stmt"/>
          <line num="53" count="7" type="stmt"/>
          <line num="65" count="0" type="cond" truecount="0" falsecount="2"/>
          <line num="77" count="0" type="cond" truecount="0" falsecount="2"/>
        </file>
      </package>
      <package name="firebase">
        <metrics statements="4" coveredstatements="4" conditionals="0" coveredconditionals="0" methods="0" coveredmethods="0"/>
        <file name="firebase.js" path="/Users/ilyameerovich/Documents/Projects/React/expenseTracker/src/firebase/firebase.js">
          <metrics statements="4" coveredstatements="4" conditionals="0" coveredconditionals="0" methods="0" coveredmethods="0"/>
          <line num="3" count="6" type="stmt"/>
          <line num="12" count="6" type="stmt"/>
          <line num="14" count="6" type="stmt"/>
          <line num="16" count="6" type="stmt"/>
        </file>
      </package>
      <package name="reducers">
        <metrics statements="24" coveredstatements="23" conditionals="19" coveredconditionals="18" methods="5" coveredmethods="5"/>
        <file name="authReducer.js" path="/Users/ilyameerovich/Documents/Projects/React/expenseTracker/src/reducers/authReducer.js">
          <metrics statements="5" coveredstatements="4" conditionals="4" coveredconditionals="3" methods="1" coveredmethods="1"/>
          <line num="1" count="1" type="cond" truecount="1" falsecount="0"/>
          <line num="2" count="2" type="cond" truecount="2" falsecount="1"/>
          <line num="4" count="1" type="stmt"/>
          <line num="8" count="1" type="stmt"/>
          <line num="10" count="0" type="stmt"/>
        </file>
        <file name="expensesReducer.js" path="/Users/ilyameerovich/Documents/Projects/React/expenseTracker/src/reducers/expensesReducer.js">
          <metrics statements="10" coveredstatements="10" conditionals="8" coveredconditionals="8" methods="3" coveredmethods="3"/>
          <line num="1" count="1" type="cond" truecount="1" falsecount="0"/>
          <line num="2" count="7" type="cond" truecount="5" falsecount="0"/>
          <line num="4" count="1" type="stmt"/>
          <line num="9" count="2" type="stmt"/>
          <line num="11" count="2" type="stmt"/>
          <line num="12" count="2" type="cond" truecount="2" falsecount="0"/>
          <line num="13" count="1" type="stmt"/>
          <line num="19" count="1" type="stmt"/>
          <line num="23" count="1" type="stmt"/>
          <line num="25" count="1" type="stmt"/>
        </file>
        <file name="filtersReducer.js" path="/Users/ilyameerovich/Documents/Projects/React/expenseTracker/src/reducers/filtersReducer.js">
          <metrics statements="9" coveredstatements="9" conditionals="7" coveredconditionals="7" methods="1" coveredmethods="1"/>
          <line num="4" count="1" type="stmt"/>
          <line num="12" count="1" type="cond" truecount="1" falsecount="0"/>
          <line num="13" count="6" type="cond" truecount="6" falsecount="0"/>
          <line num="15" count="1" type="stmt"/>
          <line num="20" count="1" type="stmt"/>
          <line num="25" count="1" type="stmt"/>
          <line num="30" count="1" type="stmt"/>
          <line num="35" count="1" type="stmt"/>
          <line num="40" count="1" type="stmt"/>
        </file>
      </package>
      <package name="selectors">
        <metrics statements="13" coveredstatements="13" conditionals="15" coveredconditionals="13" methods="5" coveredmethods="5"/>
        <file name="expenseTotal.js" path="/Users/ilyameerovich/Documents/Projects/React/expenseTracker/src/selectors/expenseTotal.js">
          <metrics statements="2" coveredstatements="2" conditionals="0" coveredconditionals="0" methods="2" coveredmethods="2"/>
          <line num="1" count="3" type="stmt"/>
          <line num="2" count="6" type="stmt"/>
        </file>
        <file name="expenses.js" path="/Users/ilyameerovich/Documents/Projects/React/expenseTracker/src/selectors/expenses.js">
          <metrics statements="11" coveredstatements="11" conditionals="15" coveredconditionals="13" methods="3" coveredmethods="3"/>
          <line num="3" count="4" type="stmt"/>
          <line num="5" count="4" type="stmt"/>
          <line num="6" count="12" type="stmt"/>
          <line num="7" count="12" type="cond" truecount="2" falsecount="0"/>
          <line num="8" count="12" type="cond" truecount="2" falsecount="0"/>
          <line num="9" count="12" type="stmt"/>
          <line num="10" count="12" type="cond" truecount="3" falsecount="0"/>
          <line num="12" count="3" type="cond" truecount="2" falsecount="0"/>
          <line num="13" count="1" type="cond" truecount="1" falsecount="1"/>
          <line num="14" count="2" type="cond" truecount="1" falsecount="1"/>
          <line num="15" count="2" type="cond" truecount="2" falsecount="0"/>
        </file>
      </package>
    </metrics>
  </project>
</coverage>
