{"/Users/ilyameerovich/Documents/Projects/React/expenseTracker/src/actions/authActions.js": {"path":"/Users/ilyameerovich/Documents/Projects/React/expenseTracker/src/actions/authActions.js","statementMap":{"0":{"start":{"line":3,"column":21},"end":{"line":8,"column":1}},"1":{"start":{"line":4,"column":2},"end":{"line":7,"column":3}},"2":{"start":{"line":10,"column":22},"end":{"line":14,"column":1}},"3":{"start":{"line":11,"column":2},"end":{"line":13,"column":3}},"4":{"start":{"line":16,"column":26},"end":{"line":20,"column":1}},"5":{"start":{"line":17,"column":2},"end":{"line":19,"column":3}},"6":{"start":{"line":18,"column":4},"end":{"line":18,"column":63}},"7":{"start":{"line":22,"column":27},"end":{"line":26,"column":1}},"8":{"start":{"line":23,"column":2},"end":{"line":25,"column":3}},"9":{"start":{"line":24,"column":4},"end":{"line":24,"column":37}}},"fnMap":{"0":{"name":"(anonymous_0)","decl":{"start":{"line":3,"column":21},"end":{"line":3,"column":22}},"loc":{"start":{"line":3,"column":31},"end":{"line":8,"column":1}},"line":3},"1":{"name":"(anonymous_1)","decl":{"start":{"line":10,"column":22},"end":{"line":10,"column":23}},"loc":{"start":{"line":10,"column":28},"end":{"line":14,"column":1}},"line":10},"2":{"name":"(anonymous_2)","decl":{"start":{"line":16,"column":26},"end":{"line":16,"column":27}},"loc":{"start":{"line":16,"column":32},"end":{"line":20,"column":1}},"line":16},"3":{"name":"(anonymous_3)","decl":{"start":{"line":17,"column":9},"end":{"line":17,"column":10}},"loc":{"start":{"line":17,"column":15},"end":{"line":19,"column":3}},"line":17},"4":{"name":"(anonymous_4)","decl":{"start":{"line":22,"column":27},"end":{"line":22,"column":28}},"loc":{"start":{"line":22,"column":33},"end":{"line":26,"column":1}},"line":22},"5":{"name":"(anonymous_5)","decl":{"start":{"line":23,"column":9},"end":{"line":23,"column":10}},"loc":{"start":{"line":23,"column":15},"end":{"line":25,"column":3}},"line":23}},"branchMap":{},"s":{"0":3,"1":1,"2":3,"3":1,"4":3,"5":0,"6":0,"7":3,"8":0,"9":0},"f":{"0":1,"1":1,"2":0,"3":0,"4":0,"5":0},"b":{},"_coverageSchema":"332fd63041d2c1bcb487cc26dd0d5f7d97098a6c","hash":"1f9c73542886e7338fc8fdc32b599c95aec5b43b"}
,"/Users/ilyameerovich/Documents/Projects/React/expenseTracker/src/actions/expenseActions.js": {"path":"/Users/ilyameerovich/Documents/Projects/React/expenseTracker/src/actions/expenseActions.js","statementMap":{"0":{"start":{"line":5,"column":26},"end":{"line":10,"column":1}},"1":{"start":{"line":6,"column":2},"end":{"line":9,"column":3}},"2":{"start":{"line":12,"column":31},"end":{"line":30,"column":1}},"3":{"start":{"line":13,"column":2},"end":{"line":29,"column":3}},"4":{"start":{"line":14,"column":16},"end":{"line":14,"column":35}},"5":{"start":{"line":15,"column":64},"end":{"line":15,"column":75}},"6":{"start":{"line":16,"column":20},"end":{"line":21,"column":5}},"7":{"start":{"line":23,"column":4},"end":{"line":28,"column":6}},"8":{"start":{"line":24,"column":6},"end":{"line":27,"column":9}},"9":{"start":{"line":32,"column":29},"end":{"line":37,"column":1}},"10":{"start":{"line":33,"column":2},"end":{"line":36,"column":3}},"11":{"start":{"line":39,"column":34},"end":{"line":47,"column":1}},"12":{"start":{"line":40,"column":2},"end":{"line":46,"column":3}},"13":{"start":{"line":41,"column":16},"end":{"line":41,"column":35}},"14":{"start":{"line":42,"column":4},"end":{"line":45,"column":8}},"15":{"start":{"line":44,"column":8},"end":{"line":44,"column":40}},"16":{"start":{"line":49,"column":27},"end":{"line":57,"column":1}},"17":{"start":{"line":50,"column":2},"end":{"line":56,"column":3}},"18":{"start":{"line":59,"column":32},"end":{"line":70,"column":1}},"19":{"start":{"line":60,"column":2},"end":{"line":69,"column":3}},"20":{"start":{"line":61,"column":16},"end":{"line":61,"column":35}},"21":{"start":{"line":62,"column":4},"end":{"line":68,"column":8}},"22":{"start":{"line":67,"column":8},"end":{"line":67,"column":42}},"23":{"start":{"line":72,"column":27},"end":{"line":77,"column":1}},"24":{"start":{"line":73,"column":2},"end":{"line":76,"column":3}},"25":{"start":{"line":79,"column":32},"end":{"line":94,"column":1}},"26":{"start":{"line":80,"column":2},"end":{"line":93,"column":3}},"27":{"start":{"line":81,"column":16},"end":{"line":81,"column":35}},"28":{"start":{"line":82,"column":4},"end":{"line":92,"column":6}},"29":{"start":{"line":84,"column":23},"end":{"line":84,"column":25}},"30":{"start":{"line":85,"column":6},"end":{"line":90,"column":8}},"31":{"start":{"line":86,"column":8},"end":{"line":89,"column":10}},"32":{"start":{"line":91,"column":6},"end":{"line":91,"column":38}}},"fnMap":{"0":{"name":"(anonymous_0)","decl":{"start":{"line":5,"column":26},"end":{"line":5,"column":27}},"loc":{"start":{"line":5,"column":39},"end":{"line":10,"column":1}},"line":5},"1":{"name":"(anonymous_1)","decl":{"start":{"line":12,"column":31},"end":{"line":12,"column":32}},"loc":{"start":{"line":12,"column":53},"end":{"line":30,"column":1}},"line":12},"2":{"name":"(anonymous_2)","decl":{"start":{"line":13,"column":9},"end":{"line":13,"column":10}},"loc":{"start":{"line":13,"column":33},"end":{"line":29,"column":3}},"line":13},"3":{"name":"(anonymous_3)","decl":{"start":{"line":23,"column":62},"end":{"line":23,"column":63}},"loc":{"start":{"line":23,"column":71},"end":{"line":28,"column":5}},"line":23},"4":{"name":"(anonymous_4)","decl":{"start":{"line":32,"column":29},"end":{"line":32,"column":30}},"loc":{"start":{"line":32,"column":42},"end":{"line":37,"column":1}},"line":32},"5":{"name":"(anonymous_5)","decl":{"start":{"line":39,"column":34},"end":{"line":39,"column":35}},"loc":{"start":{"line":39,"column":47},"end":{"line":47,"column":1}},"line":39},"6":{"name":"(anonymous_6)","decl":{"start":{"line":40,"column":9},"end":{"line":40,"column":10}},"loc":{"start":{"line":40,"column":33},"end":{"line":46,"column":3}},"line":40},"7":{"name":"(anonymous_7)","decl":{"start":{"line":43,"column":12},"end":{"line":43,"column":13}},"loc":{"start":{"line":43,"column":18},"end":{"line":45,"column":7}},"line":43},"8":{"name":"(anonymous_8)","decl":{"start":{"line":49,"column":27},"end":{"line":49,"column":28}},"loc":{"start":{"line":49,"column":45},"end":{"line":57,"column":1}},"line":49},"9":{"name":"(anonymous_9)","decl":{"start":{"line":59,"column":32},"end":{"line":59,"column":33}},"loc":{"start":{"line":59,"column":49},"end":{"line":70,"column":1}},"line":59},"10":{"name":"(anonymous_10)","decl":{"start":{"line":60,"column":9},"end":{"line":60,"column":10}},"loc":{"start":{"line":60,"column":33},"end":{"line":69,"column":3}},"line":60},"11":{"name":"(anonymous_11)","decl":{"start":{"line":66,"column":12},"end":{"line":66,"column":13}},"loc":{"start":{"line":66,"column":18},"end":{"line":68,"column":7}},"line":66},"12":{"name":"(anonymous_12)","decl":{"start":{"line":72,"column":27},"end":{"line":72,"column":28}},"loc":{"start":{"line":72,"column":41},"end":{"line":77,"column":1}},"line":72},"13":{"name":"(anonymous_13)","decl":{"start":{"line":79,"column":32},"end":{"line":79,"column":33}},"loc":{"start":{"line":79,"column":38},"end":{"line":94,"column":1}},"line":79},"14":{"name":"(anonymous_14)","decl":{"start":{"line":80,"column":9},"end":{"line":80,"column":10}},"loc":{"start":{"line":80,"column":33},"end":{"line":93,"column":3}},"line":80},"15":{"name":"(anonymous_15)","decl":{"start":{"line":83,"column":10},"end":{"line":83,"column":11}},"loc":{"start":{"line":83,"column":22},"end":{"line":92,"column":5}},"line":83},"16":{"name":"(anonymous_16)","decl":{"start":{"line":85,"column":23},"end":{"line":85,"column":24}},"loc":{"start":{"line":85,"column":40},"end":{"line":90,"column":7}},"line":85}},"branchMap":{"0":{"loc":{"start":{"line":12,"column":32},"end":{"line":12,"column":48}},"type":"default-arg","locations":[{"start":{"line":12,"column":46},"end":{"line":12,"column":48}}],"line":12},"1":{"loc":{"start":{"line":15,"column":12},"end":{"line":15,"column":21}},"type":"default-arg","locations":[{"start":{"line":15,"column":19},"end":{"line":15,"column":21}}],"line":15},"2":{"loc":{"start":{"line":15,"column":23},"end":{"line":15,"column":32}},"type":"default-arg","locations":[{"start":{"line":15,"column":30},"end":{"line":15,"column":32}}],"line":15},"3":{"loc":{"start":{"line":15,"column":34},"end":{"line":15,"column":44}},"type":"default-arg","locations":[{"start":{"line":15,"column":43},"end":{"line":15,"column":44}}],"line":15},"4":{"loc":{"start":{"line":15,"column":46},"end":{"line":15,"column":59}},"type":"default-arg","locations":[{"start":{"line":15,"column":58},"end":{"line":15,"column":59}}],"line":15}},"s":{"0":3,"1":3,"2":3,"3":2,"4":2,"5":2,"6":2,"7":2,"8":2,"9":3,"10":2,"11":3,"12":1,"13":1,"14":1,"15":1,"16":3,"17":2,"18":3,"19":1,"20":1,"21":1,"22":1,"23":3,"24":2,"25":3,"26":1,"27":1,"28":1,"29":1,"30":1,"31":2,"32":1},"f":{"0":3,"1":2,"2":2,"3":2,"4":2,"5":1,"6":1,"7":1,"8":2,"9":1,"10":1,"11":1,"12":2,"13":1,"14":1,"15":1,"16":2},"b":{"0":[0],"1":[1],"2":[1],"3":[1],"4":[1]},"_coverageSchema":"332fd63041d2c1bcb487cc26dd0d5f7d97098a6c","hash":"07ede51262d0c15ba0ee52f9740149fcf831cc34"}
,"/Users/ilyameerovich/Documents/Projects/React/expenseTracker/src/actions/filterActions.js": {"path":"/Users/ilyameerovich/Documents/Projects/React/expenseTracker/src/actions/filterActions.js","statementMap":{"0":{"start":{"line":1,"column":29},"end":{"line":6,"column":1}},"1":{"start":{"line":2,"column":2},"end":{"line":5,"column":3}},"2":{"start":{"line":8,"column":26},"end":{"line":12,"column":1}},"3":{"start":{"line":9,"column":2},"end":{"line":11,"column":3}},"4":{"start":{"line":14,"column":28},"end":{"line":18,"column":1}},"5":{"start":{"line":15,"column":2},"end":{"line":17,"column":3}},"6":{"start":{"line":20,"column":28},"end":{"line":25,"column":1}},"7":{"start":{"line":21,"column":2},"end":{"line":24,"column":3}},"8":{"start":{"line":27,"column":26},"end":{"line":32,"column":1}},"9":{"start":{"line":28,"column":2},"end":{"line":31,"column":3}}},"fnMap":{"0":{"name":"(anonymous_0)","decl":{"start":{"line":1,"column":29},"end":{"line":1,"column":30}},"loc":{"start":{"line":1,"column":46},"end":{"line":6,"column":1}},"line":1},"1":{"name":"(anonymous_1)","decl":{"start":{"line":8,"column":26},"end":{"line":8,"column":27}},"loc":{"start":{"line":8,"column":32},"end":{"line":12,"column":1}},"line":8},"2":{"name":"(anonymous_2)","decl":{"start":{"line":14,"column":28},"end":{"line":14,"column":29}},"loc":{"start":{"line":14,"column":34},"end":{"line":18,"column":1}},"line":14},"3":{"name":"(anonymous_3)","decl":{"start":{"line":20,"column":28},"end":{"line":20,"column":29}},"loc":{"start":{"line":20,"column":50},"end":{"line":25,"column":1}},"line":20},"4":{"name":"(anonymous_4)","decl":{"start":{"line":27,"column":26},"end":{"line":27,"column":27}},"loc":{"start":{"line":27,"column":48},"end":{"line":32,"column":1}},"line":27}},"branchMap":{"0":{"loc":{"start":{"line":1,"column":30},"end":{"line":1,"column":41}},"type":"default-arg","locations":[{"start":{"line":1,"column":39},"end":{"line":1,"column":41}}],"line":1},"1":{"loc":{"start":{"line":20,"column":29},"end":{"line":20,"column":45}},"type":"default-arg","locations":[{"start":{"line":20,"column":36},"end":{"line":20,"column":45}}],"line":20},"2":{"loc":{"start":{"line":27,"column":27},"end":{"line":27,"column":43}},"type":"default-arg","locations":[{"start":{"line":27,"column":34},"end":{"line":27,"column":43}}],"line":27}},"s":{"0":3,"1":2,"2":3,"3":1,"4":3,"5":1,"6":3,"7":1,"8":3,"9":1},"f":{"0":2,"1":1,"2":1,"3":1,"4":1},"b":{"0":[1],"1":[0],"2":[0]},"_coverageSchema":"332fd63041d2c1bcb487cc26dd0d5f7d97098a6c","hash":"6535d1f9f0368798ec05ea9c7b7d4f993179a8f4"}
,"/Users/ilyameerovich/Documents/Projects/React/expenseTracker/src/components/CreateExpensePage.js": {"path":"/Users/ilyameerovich/Documents/Projects/React/expenseTracker/src/components/CreateExpensePage.js","statementMap":{"0":{"start":{"line":9,"column":4},"end":{"line":9,"column":17}},"1":{"start":{"line":10,"column":4},"end":{"line":10,"column":45}},"2":{"start":{"line":13,"column":4},"end":{"line":13,"column":40}},"3":{"start":{"line":14,"column":4},"end":{"line":14,"column":33}},"4":{"start":{"line":17,"column":4},"end":{"line":22,"column":5}},"5":{"start":{"line":29,"column":27},"end":{"line":35,"column":1}},"6":{"start":{"line":30,"column":2},"end":{"line":34,"column":3}},"7":{"start":{"line":32,"column":6},"end":{"line":32,"column":40}}},"fnMap":{"0":{"name":"(anonymous_0)","decl":{"start":{"line":8,"column":2},"end":{"line":8,"column":3}},"loc":{"start":{"line":8,"column":21},"end":{"line":11,"column":3}},"line":8},"1":{"name":"(anonymous_1)","decl":{"start":{"line":12,"column":2},"end":{"line":12,"column":3}},"loc":{"start":{"line":12,"column":20},"end":{"line":15,"column":3}},"line":12},"2":{"name":"(anonymous_2)","decl":{"start":{"line":16,"column":2},"end":{"line":16,"column":3}},"loc":{"start":{"line":16,"column":11},"end":{"line":23,"column":3}},"line":16},"3":{"name":"(anonymous_3)","decl":{"start":{"line":29,"column":27},"end":{"line":29,"column":28}},"loc":{"start":{"line":29,"column":41},"end":{"line":35,"column":1}},"line":29},"4":{"name":"(anonymous_4)","decl":{"start":{"line":31,"column":21},"end":{"line":31,"column":22}},"loc":{"start":{"line":31,"column":34},"end":{"line":33,"column":5}},"line":31}},"branchMap":{},"s":{"0":2,"1":2,"2":1,"3":1,"4":2,"5":1,"6":0,"7":0},"f":{"0":2,"1":1,"2":2,"3":0,"4":0},"b":{},"_coverageSchema":"332fd63041d2c1bcb487cc26dd0d5f7d97098a6c","hash":"7798d9339db4c46c9cedfb0430ed700ace93cdf2"}
,"/Users/ilyameerovich/Documents/Projects/React/expenseTracker/src/components/EditExpensePage.js": {"path":"/Users/ilyameerovich/Documents/Projects/React/expenseTracker/src/components/EditExpensePage.js","statementMap":{"0":{"start":{"line":10,"column":4},"end":{"line":10,"column":17}},"1":{"start":{"line":11,"column":4},"end":{"line":11,"column":45}},"2":{"start":{"line":12,"column":4},"end":{"line":12,"column":43}},"3":{"start":{"line":15,"column":4},"end":{"line":15,"column":64}},"4":{"start":{"line":16,"column":4},"end":{"line":16,"column":33}},"5":{"start":{"line":19,"column":4},"end":{"line":19,"column":54}},"6":{"start":{"line":20,"column":4},"end":{"line":20,"column":33}},"7":{"start":{"line":24,"column":4},"end":{"line":37,"column":5}},"8":{"start":{"line":44,"column":24},"end":{"line":48,"column":1}},"9":{"start":{"line":45,"column":2},"end":{"line":47,"column":3}},"10":{"start":{"line":46,"column":44},"end":{"line":46,"column":80}},"11":{"start":{"line":50,"column":27},"end":{"line":59,"column":1}},"12":{"start":{"line":51,"column":2},"end":{"line":58,"column":3}},"13":{"start":{"line":53,"column":6},"end":{"line":53,"column":46}},"14":{"start":{"line":56,"column":6},"end":{"line":56,"column":43}}},"fnMap":{"0":{"name":"(anonymous_0)","decl":{"start":{"line":9,"column":2},"end":{"line":9,"column":3}},"loc":{"start":{"line":9,"column":21},"end":{"line":13,"column":3}},"line":9},"1":{"name":"(anonymous_1)","decl":{"start":{"line":14,"column":2},"end":{"line":14,"column":3}},"loc":{"start":{"line":14,"column":20},"end":{"line":17,"column":3}},"line":14},"2":{"name":"(anonymous_2)","decl":{"start":{"line":18,"column":2},"end":{"line":18,"column":3}},"loc":{"start":{"line":18,"column":19},"end":{"line":21,"column":3}},"line":18},"3":{"name":"(anonymous_3)","decl":{"start":{"line":23,"column":2},"end":{"line":23,"column":3}},"loc":{"start":{"line":23,"column":11},"end":{"line":38,"column":3}},"line":23},"4":{"name":"(anonymous_4)","decl":{"start":{"line":44,"column":24},"end":{"line":44,"column":25}},"loc":{"start":{"line":44,"column":42},"end":{"line":48,"column":1}},"line":44},"5":{"name":"(anonymous_5)","decl":{"start":{"line":46,"column":33},"end":{"line":46,"column":34}},"loc":{"start":{"line":46,"column":44},"end":{"line":46,"column":80}},"line":46},"6":{"name":"(anonymous_6)","decl":{"start":{"line":50,"column":27},"end":{"line":50,"column":28}},"loc":{"start":{"line":50,"column":41},"end":{"line":59,"column":1}},"line":50},"7":{"name":"(anonymous_7)","decl":{"start":{"line":52,"column":22},"end":{"line":52,"column":23}},"loc":{"start":{"line":52,"column":39},"end":{"line":54,"column":5}},"line":52},"8":{"name":"(anonymous_8)","decl":{"start":{"line":55,"column":24},"end":{"line":55,"column":25}},"loc":{"start":{"line":55,"column":37},"end":{"line":57,"column":5}},"line":55}},"branchMap":{},"s":{"0":3,"1":3,"2":3,"3":1,"4":1,"5":1,"6":1,"7":3,"8":1,"9":0,"10":0,"11":1,"12":0,"13":0,"14":0},"f":{"0":3,"1":1,"2":1,"3":3,"4":0,"5":0,"6":0,"7":0,"8":0},"b":{},"_coverageSchema":"332fd63041d2c1bcb487cc26dd0d5f7d97098a6c","hash":"b7bd9bea9f4356828b8efd59f7b33bfbe4604445"}
,"/Users/ilyameerovich/Documents/Projects/React/expenseTracker/src/components/ExpenseForm.js": {"path":"/Users/ilyameerovich/Documents/Projects/React/expenseTracker/src/components/ExpenseForm.js","statementMap":{"0":{"start":{"line":11,"column":4},"end":{"line":11,"column":16}},"1":{"start":{"line":12,"column":4},"end":{"line":19,"column":5}},"2":{"start":{"line":21,"column":4},"end":{"line":21,"column":63}},"3":{"start":{"line":22,"column":4},"end":{"line":22,"column":53}},"4":{"start":{"line":23,"column":4},"end":{"line":23,"column":49}},"5":{"start":{"line":24,"column":4},"end":{"line":24,"column":49}},"6":{"start":{"line":25,"column":4},"end":{"line":25,"column":63}},"7":{"start":{"line":26,"column":4},"end":{"line":26,"column":53}},"8":{"start":{"line":30,"column":17},"end":{"line":30,"column":31}},"9":{"start":{"line":31,"column":4},"end":{"line":36,"column":6}},"10":{"start":{"line":32,"column":6},"end":{"line":35,"column":7}},"11":{"start":{"line":39,"column":19},"end":{"line":39,"column":33}},"12":{"start":{"line":40,"column":4},"end":{"line":47,"column":5}},"13":{"start":{"line":41,"column":6},"end":{"line":46,"column":8}},"14":{"start":{"line":42,"column":8},"end":{"line":45,"column":9}},"15":{"start":{"line":50,"column":17},"end":{"line":50,"column":31}},"16":{"start":{"line":51,"column":4},"end":{"line":56,"column":6}},"17":{"start":{"line":52,"column":6},"end":{"line":55,"column":7}},"18":{"start":{"line":59,"column":4},"end":{"line":66,"column":5}},"19":{"start":{"line":60,"column":6},"end":{"line":65,"column":8}},"20":{"start":{"line":61,"column":8},"end":{"line":64,"column":9}},"21":{"start":{"line":69,"column":4},"end":{"line":73,"column":6}},"22":{"start":{"line":70,"column":6},"end":{"line":72,"column":7}},"23":{"start":{"line":76,"column":4},"end":{"line":76,"column":23}},"24":{"start":{"line":77,"column":4},"end":{"line":94,"column":5}},"25":{"start":{"line":78,"column":6},"end":{"line":81,"column":9}},"26":{"start":{"line":78,"column":27},"end":{"line":81,"column":7}},"27":{"start":{"line":84,"column":6},"end":{"line":87,"column":9}},"28":{"start":{"line":84,"column":27},"end":{"line":87,"column":7}},"29":{"start":{"line":88,"column":6},"end":{"line":93,"column":8}},"30":{"start":{"line":98,"column":4},"end":{"line":117,"column":5}},"31":{"start":{"line":109,"column":32},"end":{"line":109,"column":37}}},"fnMap":{"0":{"name":"(anonymous_0)","decl":{"start":{"line":10,"column":2},"end":{"line":10,"column":3}},"loc":{"start":{"line":10,"column":21},"end":{"line":27,"column":3}},"line":10},"1":{"name":"(anonymous_1)","decl":{"start":{"line":29,"column":2},"end":{"line":29,"column":3}},"loc":{"start":{"line":29,"column":23},"end":{"line":37,"column":3}},"line":29},"2":{"name":"(anonymous_2)","decl":{"start":{"line":31,"column":18},"end":{"line":31,"column":19}},"loc":{"start":{"line":31,"column":24},"end":{"line":36,"column":5}},"line":31},"3":{"name":"(anonymous_3)","decl":{"start":{"line":38,"column":2},"end":{"line":38,"column":3}},"loc":{"start":{"line":38,"column":18},"end":{"line":48,"column":3}},"line":38},"4":{"name":"(anonymous_4)","decl":{"start":{"line":41,"column":20},"end":{"line":41,"column":21}},"loc":{"start":{"line":41,"column":26},"end":{"line":46,"column":7}},"line":41},"5":{"name":"(anonymous_5)","decl":{"start":{"line":49,"column":2},"end":{"line":49,"column":3}},"loc":{"start":{"line":49,"column":16},"end":{"line":57,"column":3}},"line":49},"6":{"name":"(anonymous_6)","decl":{"start":{"line":51,"column":18},"end":{"line":51,"column":19}},"loc":{"start":{"line":51,"column":24},"end":{"line":56,"column":5}},"line":51},"7":{"name":"(anonymous_7)","decl":{"start":{"line":58,"column":15},"end":{"line":58,"column":16}},"loc":{"start":{"line":58,"column":25},"end":{"line":67,"column":3}},"line":58},"8":{"name":"(anonymous_8)","decl":{"start":{"line":60,"column":20},"end":{"line":60,"column":21}},"loc":{"start":{"line":60,"column":26},"end":{"line":65,"column":7}},"line":60},"9":{"name":"(anonymous_9)","decl":{"start":{"line":68,"column":22},"end":{"line":68,"column":23}},"loc":{"start":{"line":68,"column":39},"end":{"line":74,"column":3}},"line":68},"10":{"name":"(anonymous_10)","decl":{"start":{"line":69,"column":18},"end":{"line":69,"column":19}},"loc":{"start":{"line":69,"column":24},"end":{"line":73,"column":5}},"line":69},"11":{"name":"(anonymous_11)","decl":{"start":{"line":75,"column":2},"end":{"line":75,"column":3}},"loc":{"start":{"line":75,"column":18},"end":{"line":95,"column":3}},"line":75},"12":{"name":"(anonymous_12)","decl":{"start":{"line":78,"column":20},"end":{"line":78,"column":21}},"loc":{"start":{"line":78,"column":27},"end":{"line":81,"column":7}},"line":78},"13":{"name":"(anonymous_13)","decl":{"start":{"line":84,"column":20},"end":{"line":84,"column":21}},"loc":{"start":{"line":84,"column":27},"end":{"line":87,"column":7}},"line":84},"14":{"name":"(anonymous_14)","decl":{"start":{"line":97,"column":2},"end":{"line":97,"column":3}},"loc":{"start":{"line":97,"column":11},"end":{"line":118,"column":3}},"line":97},"15":{"name":"(anonymous_15)","decl":{"start":{"line":109,"column":26},"end":{"line":109,"column":27}},"loc":{"start":{"line":109,"column":32},"end":{"line":109,"column":37}},"line":109}},"branchMap":{"0":{"loc":{"start":{"line":13,"column":12},"end":{"line":13,"column":51}},"type":"cond-expr","locations":[{"start":{"line":13,"column":28},"end":{"line":13,"column":46}},{"start":{"line":13,"column":49},"end":{"line":13,"column":51}}],"line":13},"1":{"loc":{"start":{"line":14,"column":14},"end":{"line":14,"column":72}},"type":"cond-expr","locations":[{"start":{"line":14,"column":30},"end":{"line":14,"column":67}},{"start":{"line":14,"column":70},"end":{"line":14,"column":72}}],"line":14},"2":{"loc":{"start":{"line":15,"column":12},"end":{"line":15,"column":51}},"type":"cond-expr","locations":[{"start":{"line":15,"column":28},"end":{"line":15,"column":46}},{"start":{"line":15,"column":49},"end":{"line":15,"column":51}}],"line":15},"3":{"loc":{"start":{"line":16,"column":17},"end":{"line":16,"column":75}},"type":"cond-expr","locations":[{"start":{"line":16,"column":33},"end":{"line":16,"column":64}},{"start":{"line":16,"column":67},"end":{"line":16,"column":75}}],"line":16},"4":{"loc":{"start":{"line":40,"column":4},"end":{"line":47,"column":5}},"type":"if","locations":[{"start":{"line":40,"column":4},"end":{"line":47,"column":5}},{"start":{"line":40,"column":4},"end":{"line":47,"column":5}}],"line":40},"5":{"loc":{"start":{"line":40,"column":8},"end":{"line":40,"column":55}},"type":"binary-expr","locations":[{"start":{"line":40,"column":8},"end":{"line":40,"column":15}},{"start":{"line":40,"column":19},"end":{"line":40,"column":55}}],"line":40},"6":{"loc":{"start":{"line":59,"column":4},"end":{"line":66,"column":5}},"type":"if","locations":[{"start":{"line":59,"column":4},"end":{"line":66,"column":5}},{"start":{"line":59,"column":4},"end":{"line":66,"column":5}}],"line":59},"7":{"loc":{"start":{"line":77,"column":4},"end":{"line":94,"column":5}},"type":"if","locations":[{"start":{"line":77,"column":4},"end":{"line":94,"column":5}},{"start":{"line":77,"column":4},"end":{"line":94,"column":5}}],"line":77},"8":{"loc":{"start":{"line":77,"column":7},"end":{"line":77,"column":45}},"type":"binary-expr","locations":[{"start":{"line":77,"column":7},"end":{"line":77,"column":23}},{"start":{"line":77,"column":27},"end":{"line":77,"column":45}}],"line":77}},"s":{"0":10,"1":10,"2":10,"3":10,"4":10,"5":10,"6":10,"7":10,"8":1,"9":1,"10":1,"11":2,"12":2,"13":1,"14":1,"15":1,"16":1,"17":1,"18":1,"19":1,"20":1,"21":1,"22":1,"23":2,"24":2,"25":1,"26":1,"27":1,"28":1,"29":1,"30":17,"31":0},"f":{"0":10,"1":1,"2":1,"3":2,"4":1,"5":1,"6":1,"7":1,"8":1,"9":1,"10":1,"11":2,"12":1,"13":1,"14":17,"15":0},"b":{"0":[2,8],"1":[2,8],"2":[2,8],"3":[2,8],"4":[1,1],"5":[2,2],"6":[1,0],"7":[1,1],"8":[2,1]},"_coverageSchema":"332fd63041d2c1bcb487cc26dd0d5f7d97098a6c","hash":"011c442e98f325bf807412a27883076bc2d8d19f"}
,"/Users/ilyameerovich/Documents/Projects/React/expenseTracker/src/components/ExpenseList.js": {"path":"/Users/ilyameerovich/Documents/Projects/React/expenseTracker/src/components/ExpenseList.js","statementMap":{"0":{"start":{"line":8,"column":27},"end":{"line":24,"column":1}},"1":{"start":{"line":10,"column":2},"end":{"line":23,"column":3}},"2":{"start":{"line":18,"column":12},"end":{"line":18,"column":69}},"3":{"start":{"line":27,"column":24},"end":{"line":31,"column":1}},"4":{"start":{"line":28,"column":2},"end":{"line":30,"column":4}}},"fnMap":{"0":{"name":"(anonymous_0)","decl":{"start":{"line":8,"column":27},"end":{"line":8,"column":28}},"loc":{"start":{"line":8,"column":38},"end":{"line":24,"column":1}},"line":8},"1":{"name":"(anonymous_1)","decl":{"start":{"line":17,"column":29},"end":{"line":17,"column":30}},"loc":{"start":{"line":17,"column":40},"end":{"line":19,"column":11}},"line":17},"2":{"name":"(anonymous_2)","decl":{"start":{"line":27,"column":24},"end":{"line":27,"column":25}},"loc":{"start":{"line":27,"column":35},"end":{"line":31,"column":1}},"line":27}},"branchMap":{"0":{"loc":{"start":{"line":14,"column":9},"end":{"line":19,"column":13}},"type":"cond-expr","locations":[{"start":{"line":15,"column":10},"end":{"line":15,"column":32}},{"start":{"line":17,"column":10},"end":{"line":19,"column":12}}],"line":14}},"s":{"0":2,"1":2,"2":1,"3":2,"4":0},"f":{"0":2,"1":1,"2":0},"b":{"0":[1,1]},"_coverageSchema":"332fd63041d2c1bcb487cc26dd0d5f7d97098a6c","hash":"b2133173de41b26fd9f8b4525afccdca6b847f18"}
,"/Users/ilyameerovich/Documents/Projects/React/expenseTracker/src/components/ExpenseListFilters.js": {"path":"/Users/ilyameerovich/Documents/Projects/React/expenseTracker/src/components/ExpenseListFilters.js","statementMap":{"0":{"start":{"line":10,"column":4},"end":{"line":10,"column":16}},"1":{"start":{"line":11,"column":4},"end":{"line":13,"column":5}},"2":{"start":{"line":17,"column":6},"end":{"line":17,"column":41}},"3":{"start":{"line":18,"column":6},"end":{"line":18,"column":37}},"4":{"start":{"line":21,"column":4},"end":{"line":25,"column":6}},"5":{"start":{"line":22,"column":6},"end":{"line":24,"column":7}},"6":{"start":{"line":28,"column":4},"end":{"line":28,"column":44}},"7":{"start":{"line":31,"column":4},"end":{"line":35,"column":5}},"8":{"start":{"line":32,"column":6},"end":{"line":32,"column":29}},"9":{"start":{"line":34,"column":6},"end":{"line":34,"column":31}},"10":{"start":{"line":40,"column":4},"end":{"line":80,"column":5}},"11":{"start":{"line":74,"column":36},"end":{"line":74,"column":41}},"12":{"start":{"line":84,"column":24},"end":{"line":88,"column":1}},"13":{"start":{"line":85,"column":2},"end":{"line":87,"column":3}},"14":{"start":{"line":90,"column":27},"end":{"line":108,"column":1}},"15":{"start":{"line":91,"column":2},"end":{"line":107,"column":3}},"16":{"start":{"line":93,"column":6},"end":{"line":93,"column":37}},"17":{"start":{"line":96,"column":6},"end":{"line":96,"column":39}},"18":{"start":{"line":99,"column":6},"end":{"line":99,"column":35}},"19":{"start":{"line":102,"column":6},"end":{"line":102,"column":30}},"20":{"start":{"line":105,"column":6},"end":{"line":105,"column":28}}},"fnMap":{"0":{"name":"(anonymous_0)","decl":{"start":{"line":9,"column":2},"end":{"line":9,"column":3}},"loc":{"start":{"line":9,"column":21},"end":{"line":14,"column":3}},"line":9},"1":{"name":"(anonymous_1)","decl":{"start":{"line":16,"column":15},"end":{"line":16,"column":16}},"loc":{"start":{"line":16,"column":41},"end":{"line":19,"column":3}},"line":16},"2":{"name":"(anonymous_2)","decl":{"start":{"line":20,"column":22},"end":{"line":20,"column":23}},"loc":{"start":{"line":20,"column":37},"end":{"line":26,"column":3}},"line":20},"3":{"name":"(anonymous_3)","decl":{"start":{"line":21,"column":18},"end":{"line":21,"column":19}},"loc":{"start":{"line":21,"column":24},"end":{"line":25,"column":5}},"line":21},"4":{"name":"(anonymous_4)","decl":{"start":{"line":27,"column":18},"end":{"line":27,"column":19}},"loc":{"start":{"line":27,"column":25},"end":{"line":29,"column":3}},"line":27},"5":{"name":"(anonymous_5)","decl":{"start":{"line":30,"column":18},"end":{"line":30,"column":19}},"loc":{"start":{"line":30,"column":25},"end":{"line":36,"column":3}},"line":30},"6":{"name":"(anonymous_6)","decl":{"start":{"line":38,"column":2},"end":{"line":38,"column":3}},"loc":{"start":{"line":38,"column":11},"end":{"line":81,"column":3}},"line":38},"7":{"name":"(anonymous_7)","decl":{"start":{"line":74,"column":30},"end":{"line":74,"column":31}},"loc":{"start":{"line":74,"column":36},"end":{"line":74,"column":41}},"line":74},"8":{"name":"(anonymous_8)","decl":{"start":{"line":84,"column":24},"end":{"line":84,"column":25}},"loc":{"start":{"line":84,"column":35},"end":{"line":88,"column":1}},"line":84},"9":{"name":"(anonymous_9)","decl":{"start":{"line":90,"column":27},"end":{"line":90,"column":28}},"loc":{"start":{"line":90,"column":41},"end":{"line":108,"column":1}},"line":90},"10":{"name":"(anonymous_10)","decl":{"start":{"line":92,"column":19},"end":{"line":92,"column":20}},"loc":{"start":{"line":92,"column":31},"end":{"line":94,"column":5}},"line":92},"11":{"name":"(anonymous_11)","decl":{"start":{"line":95,"column":18},"end":{"line":95,"column":19}},"loc":{"start":{"line":95,"column":33},"end":{"line":97,"column":5}},"line":95},"12":{"name":"(anonymous_12)","decl":{"start":{"line":98,"column":16},"end":{"line":98,"column":17}},"loc":{"start":{"line":98,"column":29},"end":{"line":100,"column":5}},"line":98},"13":{"name":"(anonymous_13)","decl":{"start":{"line":101,"column":18},"end":{"line":101,"column":19}},"loc":{"start":{"line":101,"column":24},"end":{"line":103,"column":5}},"line":101},"14":{"name":"(anonymous_14)","decl":{"start":{"line":104,"column":16},"end":{"line":104,"column":17}},"loc":{"start":{"line":104,"column":22},"end":{"line":106,"column":5}},"line":104}},"branchMap":{"0":{"loc":{"start":{"line":31,"column":4},"end":{"line":35,"column":5}},"type":"if","locations":[{"start":{"line":31,"column":4},"end":{"line":35,"column":5}},{"start":{"line":31,"column":4},"end":{"line":35,"column":5}}],"line":31}},"s":{"0":7,"1":7,"2":1,"3":1,"4":1,"5":1,"6":1,"7":2,"8":1,"9":1,"10":9,"11":0,"12":2,"13":0,"14":2,"15":0,"16":0,"17":0,"18":0,"19":0,"20":0},"f":{"0":7,"1":1,"2":1,"3":1,"4":1,"5":2,"6":9,"7":0,"8":0,"9":0,"10":0,"11":0,"12":0,"13":0,"14":0},"b":{"0":[1,1]},"_coverageSchema":"332fd63041d2c1bcb487cc26dd0d5f7d97098a6c","hash":"f8e5bf8166deb89ae070f75a918d31c7cdbf567e"}
,"/Users/ilyameerovich/Documents/Projects/React/expenseTracker/src/components/ExpenseListItem.js": {"path":"/Users/ilyameerovich/Documents/Projects/React/expenseTracker/src/components/ExpenseListItem.js","statementMap":{"0":{"start":{"line":8,"column":15},"end":{"line":30,"column":1}},"1":{"start":{"line":31,"column":12},"end":{"line":34,"column":1}},"2":{"start":{"line":38,"column":24},"end":{"line":50,"column":1}},"3":{"start":{"line":39,"column":2},"end":{"line":49,"column":11}}},"fnMap":{"0":{"name":"(anonymous_0)","decl":{"start":{"line":38,"column":24},"end":{"line":38,"column":25}},"loc":{"start":{"line":39,"column":2},"end":{"line":49,"column":11}},"line":39}},"branchMap":{},"s":{"0":3,"1":3,"2":3,"3":1},"f":{"0":1},"b":{},"_coverageSchema":"332fd63041d2c1bcb487cc26dd0d5f7d97098a6c","hash":"571b384235c9353505712950f0a6b2787f85fcdb"}
,"/Users/ilyameerovich/Documents/Projects/React/expenseTracker/src/components/ExpenseSummary.js": {"path":"/Users/ilyameerovich/Documents/Projects/React/expenseTracker/src/components/ExpenseSummary.js","statementMap":{"0":{"start":{"line":13,"column":4},"end":{"line":13,"column":16}},"1":{"start":{"line":15,"column":4},"end":{"line":15,"column":51}},"2":{"start":{"line":19,"column":4},"end":{"line":19,"column":62}},"3":{"start":{"line":23,"column":17},"end":{"line":23,"column":76}},"4":{"start":{"line":24,"column":4},"end":{"line":39,"column":5}},"5":{"start":{"line":45,"column":24},"end":{"line":49,"column":1}},"6":{"start":{"line":46,"column":2},"end":{"line":48,"column":4}}},"fnMap":{"0":{"name":"(anonymous_0)","decl":{"start":{"line":12,"column":2},"end":{"line":12,"column":3}},"loc":{"start":{"line":12,"column":21},"end":{"line":16,"column":3}},"line":12},"1":{"name":"(anonymous_1)","decl":{"start":{"line":18,"column":2},"end":{"line":18,"column":3}},"loc":{"start":{"line":18,"column":19},"end":{"line":20,"column":3}},"line":18},"2":{"name":"(anonymous_2)","decl":{"start":{"line":22,"column":2},"end":{"line":22,"column":3}},"loc":{"start":{"line":22,"column":11},"end":{"line":40,"column":3}},"line":22},"3":{"name":"(anonymous_3)","decl":{"start":{"line":45,"column":24},"end":{"line":45,"column":25}},"loc":{"start":{"line":45,"column":35},"end":{"line":49,"column":1}},"line":45}},"branchMap":{"0":{"loc":{"start":{"line":23,"column":17},"end":{"line":23,"column":76}},"type":"cond-expr","locations":[{"start":{"line":23,"column":52},"end":{"line":23,"column":62}},{"start":{"line":23,"column":65},"end":{"line":23,"column":76}}],"line":23}},"s":{"0":3,"1":3,"2":3,"3":3,"4":3,"5":2,"6":0},"f":{"0":3,"1":3,"2":3,"3":0},"b":{"0":[1,2]},"_coverageSchema":"332fd63041d2c1bcb487cc26dd0d5f7d97098a6c","hash":"fe850f42e621771def5e7e8747af57fde51d2f25"}
,"/Users/ilyameerovich/Documents/Projects/React/expenseTracker/src/components/Header.js": {"path":"/Users/ilyameerovich/Documents/Projects/React/expenseTracker/src/components/Header.js","statementMap":{"0":{"start":{"line":10,"column":4},"end":{"line":10,"column":17}},"1":{"start":{"line":11,"column":4},"end":{"line":11,"column":41}},"2":{"start":{"line":12,"column":4},"end":{"line":12,"column":59}},"3":{"start":{"line":14,"column":4},"end":{"line":16,"column":5}},"4":{"start":{"line":19,"column":4},"end":{"line":19,"column":29}},"5":{"start":{"line":23,"column":4},"end":{"line":23,"column":51}},"6":{"start":{"line":27,"column":4},"end":{"line":52,"column":5}},"7":{"start":{"line":58,"column":27},"end":{"line":64,"column":1}},"8":{"start":{"line":59,"column":2},"end":{"line":63,"column":3}},"9":{"start":{"line":61,"column":6},"end":{"line":61,"column":29}}},"fnMap":{"0":{"name":"(anonymous_0)","decl":{"start":{"line":9,"column":2},"end":{"line":9,"column":3}},"loc":{"start":{"line":9,"column":21},"end":{"line":17,"column":3}},"line":9},"1":{"name":"(anonymous_1)","decl":{"start":{"line":18,"column":2},"end":{"line":18,"column":3}},"loc":{"start":{"line":18,"column":11},"end":{"line":20,"column":3}},"line":18},"2":{"name":"(anonymous_2)","decl":{"start":{"line":22,"column":2},"end":{"line":22,"column":3}},"loc":{"start":{"line":22,"column":20},"end":{"line":24,"column":3}},"line":22},"3":{"name":"(anonymous_3)","decl":{"start":{"line":26,"column":2},"end":{"line":26,"column":3}},"loc":{"start":{"line":26,"column":11},"end":{"line":53,"column":3}},"line":26},"4":{"name":"(anonymous_4)","decl":{"start":{"line":58,"column":27},"end":{"line":58,"column":28}},"loc":{"start":{"line":58,"column":41},"end":{"line":64,"column":1}},"line":58},"5":{"name":"(anonymous_5)","decl":{"start":{"line":60,"column":17},"end":{"line":60,"column":18}},"loc":{"start":{"line":60,"column":23},"end":{"line":62,"column":5}},"line":60}},"branchMap":{},"s":{"0":2,"1":2,"2":2,"3":2,"4":1,"5":0,"6":2,"7":1,"8":0,"9":0},"f":{"0":2,"1":1,"2":0,"3":2,"4":0,"5":0},"b":{},"_coverageSchema":"332fd63041d2c1bcb487cc26dd0d5f7d97098a6c","hash":"1c08fc7602c2406d026d763f17e6fca1864ad016"}
,"/Users/ilyameerovich/Documents/Projects/React/expenseTracker/src/components/HomeDashboard.js": {"path":"/Users/ilyameerovich/Documents/Projects/React/expenseTracker/src/components/HomeDashboard.js","statementMap":{"0":{"start":{"line":9,"column":22},"end":{"line":15,"column":1}},"1":{"start":{"line":10,"column":2},"end":{"line":14,"column":22}}},"fnMap":{"0":{"name":"(anonymous_0)","decl":{"start":{"line":9,"column":22},"end":{"line":9,"column":23}},"loc":{"start":{"line":10,"column":2},"end":{"line":14,"column":22}},"line":10}},"branchMap":{},"s":{"0":1,"1":1},"f":{"0":1},"b":{},"_coverageSchema":"332fd63041d2c1bcb487cc26dd0d5f7d97098a6c","hash":"f4113d44564b5e25040a8683012372ac294e5a4a"}
,"/Users/ilyameerovich/Documents/Projects/React/expenseTracker/src/components/LoginPage.js": {"path":"/Users/ilyameerovich/Documents/Projects/React/expenseTracker/src/components/LoginPage.js","statementMap":{"0":{"start":{"line":8,"column":18},"end":{"line":20,"column":1}},"1":{"start":{"line":9,"column":2},"end":{"line":19,"column":21}},"2":{"start":{"line":26,"column":27},"end":{"line":32,"column":1}},"3":{"start":{"line":27,"column":2},"end":{"line":31,"column":3}},"4":{"start":{"line":29,"column":6},"end":{"line":29,"column":28}}},"fnMap":{"0":{"name":"(anonymous_0)","decl":{"start":{"line":8,"column":18},"end":{"line":8,"column":19}},"loc":{"start":{"line":9,"column":2},"end":{"line":19,"column":21}},"line":9},"1":{"name":"(anonymous_1)","decl":{"start":{"line":26,"column":27},"end":{"line":26,"column":28}},"loc":{"start":{"line":26,"column":41},"end":{"line":32,"column":1}},"line":26},"2":{"name":"(anonymous_2)","decl":{"start":{"line":28,"column":16},"end":{"line":28,"column":17}},"loc":{"start":{"line":28,"column":22},"end":{"line":30,"column":5}},"line":28}},"branchMap":{},"s":{"0":1,"1":2,"2":1,"3":0,"4":0},"f":{"0":2,"1":0,"2":0},"b":{},"_coverageSchema":"332fd63041d2c1bcb487cc26dd0d5f7d97098a6c","hash":"5d102e2fa3897f5a6e04469136d0b859b8c40d82"}
,"/Users/ilyameerovich/Documents/Projects/React/expenseTracker/src/components/NotFoundPage.js": {"path":"/Users/ilyameerovich/Documents/Projects/React/expenseTracker/src/components/NotFoundPage.js","statementMap":{"0":{"start":{"line":5,"column":21},"end":{"line":10,"column":1}},"1":{"start":{"line":6,"column":2},"end":{"line":9,"column":8}}},"fnMap":{"0":{"name":"(anonymous_0)","decl":{"start":{"line":5,"column":21},"end":{"line":5,"column":22}},"loc":{"start":{"line":6,"column":2},"end":{"line":9,"column":8}},"line":6}},"branchMap":{},"s":{"0":1,"1":1},"f":{"0":1},"b":{},"_coverageSchema":"332fd63041d2c1bcb487cc26dd0d5f7d97098a6c","hash":"f9f395a8a9d961cada3c2f8b4a6e0e6d8c769b6a"}
,"/Users/ilyameerovich/Documents/Projects/React/expenseTracker/src/components/setupTests.js": {"path":"/Users/ilyameerovich/Documents/Projects/React/expenseTracker/src/components/setupTests.js","statementMap":{"0":{"start":{"line":5,"column":0},"end":{"line":5,"column":37}},"1":{"start":{"line":7,"column":0},"end":{"line":9,"column":3}}},"fnMap":{},"branchMap":{},"s":{"0":19,"1":19},"f":{},"b":{},"_coverageSchema":"332fd63041d2c1bcb487cc26dd0d5f7d97098a6c","hash":"ad42d5817c301a341148ee157d8f17ef2066d0e9"}
,"/Users/ilyameerovich/Documents/Projects/React/expenseTracker/src/components/StyledComponents/Header/index.js": {"path":"/Users/ilyameerovich/Documents/Projects/React/expenseTracker/src/components/StyledComponents/Header/index.js","statementMap":{"0":{"start":{"line":4,"column":18},"end":{"line":45,"column":1}},"1":{"start":{"line":46,"column":19},"end":{"line":94,"column":1}},"2":{"start":{"line":50,"column":22},"end":{"line":50,"column":59}},"3":{"start":{"line":95,"column":19},"end":{"line":106,"column":1}},"4":{"start":{"line":107,"column":18},"end":{"line":118,"column":1}}},"fnMap":{"0":{"name":"(anonymous_0)","decl":{"start":{"line":50,"column":13},"end":{"line":50,"column":14}},"loc":{"start":{"line":50,"column":22},"end":{"line":50,"column":59}},"line":50}},"branchMap":{"0":{"loc":{"start":{"line":50,"column":22},"end":{"line":50,"column":59}},"type":"cond-expr","locations":[{"start":{"line":50,"column":44},"end":{"line":50,"column":50}},{"start":{"line":50,"column":53},"end":{"line":50,"column":59}}],"line":50}},"s":{"0":1,"1":1,"2":0,"3":1,"4":1},"f":{"0":0},"b":{"0":[0,0]},"_coverageSchema":"332fd63041d2c1bcb487cc26dd0d5f7d97098a6c","hash":"1d6b810349f1d3b94e4eec96479588f4a605f039"}
,"/Users/ilyameerovich/Documents/Projects/React/expenseTracker/src/components/StyledComponents/HomeDashboard/index.js": {"path":"/Users/ilyameerovich/Documents/Projects/React/expenseTracker/src/components/StyledComponents/HomeDashboard/index.js","statementMap":{"0":{"start":{"line":3,"column":26},"end":{"line":6,"column":1}},"1":{"start":{"line":8,"column":22},"end":{"line":21,"column":1}},"2":{"start":{"line":23,"column":21},"end":{"line":34,"column":1}},"3":{"start":{"line":36,"column":22},"end":{"line":99,"column":1}}},"fnMap":{},"branchMap":{},"s":{"0":4,"1":4,"2":4,"3":4},"f":{},"b":{},"_coverageSchema":"332fd63041d2c1bcb487cc26dd0d5f7d97098a6c","hash":"5cf0d9ee34c8db8f0ec2c356f36503e4c1e59d88"}
,"/Users/ilyameerovich/Documents/Projects/React/expenseTracker/src/components/StyledComponents/LoginPage/index.js": {"path":"/Users/ilyameerovich/Documents/Projects/React/expenseTracker/src/components/StyledComponents/LoginPage/index.js","statementMap":{"0":{"start":{"line":4,"column":25},"end":{"line":14,"column":1}},"1":{"start":{"line":16,"column":15},"end":{"line":43,"column":1}}},"fnMap":{},"branchMap":{},"s":{"0":1,"1":1},"f":{},"b":{},"_coverageSchema":"332fd63041d2c1bcb487cc26dd0d5f7d97098a6c","hash":"3629d6c3da36be563e5caa9422dbae386c323e34"}
,"/Users/ilyameerovich/Documents/Projects/React/expenseTracker/src/components/StyledComponents/Shared/index.js": {"path":"/Users/ilyameerovich/Documents/Projects/React/expenseTracker/src/components/StyledComponents/Shared/index.js","statementMap":{"0":{"start":{"line":3,"column":26},"end":{"line":9,"column":1}},"1":{"start":{"line":4,"column":20},"end":{"line":4,"column":56}},"2":{"start":{"line":11,"column":11},"end":{"line":18,"column":1}},"3":{"start":{"line":20,"column":19},"end":{"line":30,"column":1}},"4":{"start":{"line":32,"column":14},"end":{"line":41,"column":1}},"5":{"start":{"line":42,"column":15},"end":{"line":52,"column":1}},"6":{"start":{"line":53,"column":15},"end":{"line":81,"column":1}},"7":{"start":{"line":65,"column":31},"end":{"line":65,"column":69}},"8":{"start":{"line":77,"column":33},"end":{"line":77,"column":71}}},"fnMap":{"0":{"name":"(anonymous_0)","decl":{"start":{"line":4,"column":11},"end":{"line":4,"column":12}},"loc":{"start":{"line":4,"column":20},"end":{"line":4,"column":56}},"line":4},"1":{"name":"(anonymous_1)","decl":{"start":{"line":65,"column":22},"end":{"line":65,"column":23}},"loc":{"start":{"line":65,"column":31},"end":{"line":65,"column":69}},"line":65},"2":{"name":"(anonymous_2)","decl":{"start":{"line":77,"column":24},"end":{"line":77,"column":25}},"loc":{"start":{"line":77,"column":33},"end":{"line":77,"column":71}},"line":77}},"branchMap":{"0":{"loc":{"start":{"line":4,"column":20},"end":{"line":4,"column":56}},"type":"cond-expr","locations":[{"start":{"line":4,"column":42},"end":{"line":4,"column":47}},{"start":{"line":4,"column":50},"end":{"line":4,"column":56}}],"line":4},"1":{"loc":{"start":{"line":65,"column":31},"end":{"line":65,"column":69}},"type":"cond-expr","locations":[{"start":{"line":65,"column":48},"end":{"line":65,"column":57}},{"start":{"line":65,"column":60},"end":{"line":65,"column":69}}],"line":65},"2":{"loc":{"start":{"line":77,"column":33},"end":{"line":77,"column":71}},"type":"cond-expr","locations":[{"start":{"line":77,"column":50},"end":{"line":77,"column":59}},{"start":{"line":77,"column":62},"end":{"line":77,"column":71}}],"line":77}},"s":{"0":7,"1":0,"2":7,"3":7,"4":7,"5":7,"6":7,"7":0,"8":0},"f":{"0":0,"1":0,"2":0},"b":{"0":[0,0],"1":[0,0],"2":[0,0]},"_coverageSchema":"332fd63041d2c1bcb487cc26dd0d5f7d97098a6c","hash":"47e09d16640a9c0391766eb4450b84935db548a4"}
,"/Users/ilyameerovich/Documents/Projects/React/expenseTracker/src/firebase/firebase.js": {"path":"/Users/ilyameerovich/Documents/Projects/React/expenseTracker/src/firebase/firebase.js","statementMap":{"0":{"start":{"line":3,"column":15},"end":{"line":10,"column":1}},"1":{"start":{"line":12,"column":0},"end":{"line":12,"column":31}},"2":{"start":{"line":14,"column":11},"end":{"line":14,"column":30}},"3":{"start":{"line":16,"column":27},"end":{"line":16,"column":65}}},"fnMap":{},"branchMap":{},"s":{"0":6,"1":6,"2":6,"3":6},"f":{},"b":{},"_coverageSchema":"332fd63041d2c1bcb487cc26dd0d5f7d97098a6c","hash":"50f1b51f7542173868ca2a6939bb344afebb2c50"}
,"/Users/ilyameerovich/Documents/Projects/React/expenseTracker/src/reducers/authReducer.js": {"path":"/Users/ilyameerovich/Documents/Projects/React/expenseTracker/src/reducers/authReducer.js","statementMap":{"0":{"start":{"line":1,"column":20},"end":{"line":12,"column":1}},"1":{"start":{"line":2,"column":2},"end":{"line":11,"column":3}},"2":{"start":{"line":4,"column":6},"end":{"line":6,"column":7}},"3":{"start":{"line":8,"column":6},"end":{"line":8,"column":15}},"4":{"start":{"line":10,"column":6},"end":{"line":10,"column":19}}},"fnMap":{"0":{"name":"(anonymous_0)","decl":{"start":{"line":1,"column":20},"end":{"line":1,"column":21}},"loc":{"start":{"line":1,"column":44},"end":{"line":12,"column":1}},"line":1}},"branchMap":{"0":{"loc":{"start":{"line":1,"column":21},"end":{"line":1,"column":31}},"type":"default-arg","locations":[{"start":{"line":1,"column":29},"end":{"line":1,"column":31}}],"line":1},"1":{"loc":{"start":{"line":2,"column":2},"end":{"line":11,"column":3}},"type":"switch","locations":[{"start":{"line":3,"column":4},"end":{"line":6,"column":7}},{"start":{"line":7,"column":4},"end":{"line":8,"column":15}},{"start":{"line":9,"column":4},"end":{"line":10,"column":19}}],"line":2}},"s":{"0":1,"1":2,"2":1,"3":1,"4":0},"f":{"0":2},"b":{"0":[1],"1":[1,1,0]},"_coverageSchema":"332fd63041d2c1bcb487cc26dd0d5f7d97098a6c","hash":"8673dc6dd58d76f11d94d0a2c887080123d4be83"}
,"/Users/ilyameerovich/Documents/Projects/React/expenseTracker/src/reducers/expensesReducer.js": {"path":"/Users/ilyameerovich/Documents/Projects/React/expenseTracker/src/reducers/expensesReducer.js","statementMap":{"0":{"start":{"line":1,"column":24},"end":{"line":27,"column":1}},"1":{"start":{"line":2,"column":2},"end":{"line":26,"column":3}},"2":{"start":{"line":4,"column":6},"end":{"line":7,"column":7}},"3":{"start":{"line":9,"column":6},"end":{"line":9,"column":68}},"4":{"start":{"line":9,"column":37},"end":{"line":9,"column":66}},"5":{"start":{"line":11,"column":6},"end":{"line":21,"column":8}},"6":{"start":{"line":12,"column":8},"end":{"line":20,"column":9}},"7":{"start":{"line":13,"column":10},"end":{"line":16,"column":11}},"8":{"start":{"line":19,"column":10},"end":{"line":19,"column":20}},"9":{"start":{"line":23,"column":6},"end":{"line":23,"column":28}},"10":{"start":{"line":25,"column":6},"end":{"line":25,"column":19}}},"fnMap":{"0":{"name":"(anonymous_0)","decl":{"start":{"line":1,"column":24},"end":{"line":1,"column":25}},"loc":{"start":{"line":1,"column":48},"end":{"line":27,"column":1}},"line":1},"1":{"name":"(anonymous_1)","decl":{"start":{"line":9,"column":26},"end":{"line":9,"column":27}},"loc":{"start":{"line":9,"column":37},"end":{"line":9,"column":66}},"line":9},"2":{"name":"(anonymous_2)","decl":{"start":{"line":11,"column":23},"end":{"line":11,"column":24}},"loc":{"start":{"line":11,"column":30},"end":{"line":21,"column":7}},"line":11}},"branchMap":{"0":{"loc":{"start":{"line":1,"column":25},"end":{"line":1,"column":35}},"type":"default-arg","locations":[{"start":{"line":1,"column":33},"end":{"line":1,"column":35}}],"line":1},"1":{"loc":{"start":{"line":2,"column":2},"end":{"line":26,"column":3}},"type":"switch","locations":[{"start":{"line":3,"column":4},"end":{"line":7,"column":7}},{"start":{"line":8,"column":4},"end":{"line":9,"column":68}},{"start":{"line":10,"column":4},"end":{"line":21,"column":8}},{"start":{"line":22,"column":4},"end":{"line":23,"column":28}},{"start":{"line":24,"column":5},"end":{"line":25,"column":19}}],"line":2},"2":{"loc":{"start":{"line":12,"column":8},"end":{"line":20,"column":9}},"type":"if","locations":[{"start":{"line":12,"column":8},"end":{"line":20,"column":9}},{"start":{"line":12,"column":8},"end":{"line":20,"column":9}}],"line":12}},"s":{"0":1,"1":7,"2":1,"3":2,"4":2,"5":2,"6":2,"7":1,"8":1,"9":1,"10":1},"f":{"0":7,"1":2,"2":2},"b":{"0":[3],"1":[1,2,2,1,1],"2":[1,1]},"_coverageSchema":"332fd63041d2c1bcb487cc26dd0d5f7d97098a6c","hash":"8f957d3e713b47f739dccf2126b9dcd6143ff353"}
,"/Users/ilyameerovich/Documents/Projects/React/expenseTracker/src/reducers/filtersReducer.js": {"path":"/Users/ilyameerovich/Documents/Projects/React/expenseTracker/src/reducers/filtersReducer.js","statementMap":{"0":{"start":{"line":4,"column":35},"end":{"line":9,"column":1}},"1":{"start":{"line":12,"column":23},"end":{"line":42,"column":1}},"2":{"start":{"line":13,"column":2},"end":{"line":41,"column":3}},"3":{"start":{"line":15,"column":6},"end":{"line":18,"column":7}},"4":{"start":{"line":20,"column":6},"end":{"line":23,"column":7}},"5":{"start":{"line":25,"column":6},"end":{"line":28,"column":7}},"6":{"start":{"line":30,"column":6},"end":{"line":33,"column":7}},"7":{"start":{"line":35,"column":6},"end":{"line":38,"column":7}},"8":{"start":{"line":40,"column":6},"end":{"line":40,"column":19}}},"fnMap":{"0":{"name":"(anonymous_0)","decl":{"start":{"line":12,"column":23},"end":{"line":12,"column":24}},"loc":{"start":{"line":12,"column":71},"end":{"line":42,"column":1}},"line":12}},"branchMap":{"0":{"loc":{"start":{"line":12,"column":24},"end":{"line":12,"column":58}},"type":"default-arg","locations":[{"start":{"line":12,"column":32},"end":{"line":12,"column":58}}],"line":12},"1":{"loc":{"start":{"line":13,"column":2},"end":{"line":41,"column":3}},"type":"switch","locations":[{"start":{"line":14,"column":4},"end":{"line":18,"column":7}},{"start":{"line":19,"column":4},"end":{"line":23,"column":7}},{"start":{"line":24,"column":4},"end":{"line":28,"column":7}},{"start":{"line":29,"column":4},"end":{"line":33,"column":7}},{"start":{"line":34,"column":4},"end":{"line":38,"column":7}},{"start":{"line":39,"column":4},"end":{"line":40,"column":19}}],"line":13}},"s":{"0":1,"1":1,"2":6,"3":1,"4":1,"5":1,"6":1,"7":1,"8":1},"f":{"0":6},"b":{"0":[6],"1":[1,1,1,1,1,1]},"_coverageSchema":"332fd63041d2c1bcb487cc26dd0d5f7d97098a6c","hash":"053e3a51dc9212e49430a9e6c8823ca0b1fab634"}
,"/Users/ilyameerovich/Documents/Projects/React/expenseTracker/src/selectors/expenseTotal.js": {"path":"/Users/ilyameerovich/Documents/Projects/React/expenseTracker/src/selectors/expenseTotal.js","statementMap":{"0":{"start":{"line":1,"column":21},"end":{"line":3,"column":1}},"1":{"start":{"line":2,"column":2},"end":{"line":2,"column":78}},"2":{"start":{"line":2,"column":41},"end":{"line":2,"column":74}}},"fnMap":{"0":{"name":"(anonymous_0)","decl":{"start":{"line":1,"column":21},"end":{"line":1,"column":22}},"loc":{"start":{"line":1,"column":35},"end":{"line":3,"column":1}},"line":1},"1":{"name":"(anonymous_1)","decl":{"start":{"line":2,"column":25},"end":{"line":2,"column":26}},"loc":{"start":{"line":2,"column":41},"end":{"line":2,"column":74}},"line":2}},"branchMap":{},"s":{"0":3,"1":5,"2":6},"f":{"0":5,"1":6},"b":{},"_coverageSchema":"332fd63041d2c1bcb487cc26dd0d5f7d97098a6c","hash":"e33d1cdd5d74cd6a4cd6a3d88f260933330c688d"}
,"/Users/ilyameerovich/Documents/Projects/React/expenseTracker/src/selectors/expenses.js": {"path":"/Users/ilyameerovich/Documents/Projects/React/expenseTracker/src/selectors/expenses.js","statementMap":{"0":{"start":{"line":3,"column":27},"end":{"line":18,"column":1}},"1":{"start":{"line":5,"column":2},"end":{"line":17,"column":4}},"2":{"start":{"line":6,"column":28},"end":{"line":6,"column":53}},"3":{"start":{"line":7,"column":27},"end":{"line":7,"column":93}},"4":{"start":{"line":8,"column":25},"end":{"line":8,"column":88}},"5":{"start":{"line":9,"column":24},"end":{"line":9,"column":79}},"6":{"start":{"line":10,"column":4},"end":{"line":10,"column":54}},"7":{"start":{"line":12,"column":4},"end":{"line":16,"column":5}},"8":{"start":{"line":13,"column":6},"end":{"line":13,"column":47}},"9":{"start":{"line":14,"column":11},"end":{"line":16,"column":5}},"10":{"start":{"line":15,"column":6},"end":{"line":15,"column":53}}},"fnMap":{"0":{"name":"(anonymous_0)","decl":{"start":{"line":3,"column":27},"end":{"line":3,"column":28}},"loc":{"start":{"line":3,"column":80},"end":{"line":18,"column":1}},"line":3},"1":{"name":"(anonymous_1)","decl":{"start":{"line":5,"column":25},"end":{"line":5,"column":26}},"loc":{"start":{"line":5,"column":36},"end":{"line":11,"column":3}},"line":5},"2":{"name":"(anonymous_2)","decl":{"start":{"line":11,"column":10},"end":{"line":11,"column":11}},"loc":{"start":{"line":11,"column":26},"end":{"line":17,"column":3}},"line":11}},"branchMap":{"0":{"loc":{"start":{"line":7,"column":27},"end":{"line":7,"column":93}},"type":"cond-expr","locations":[{"start":{"line":7,"column":39},"end":{"line":7,"column":86}},{"start":{"line":7,"column":89},"end":{"line":7,"column":93}}],"line":7},"1":{"loc":{"start":{"line":8,"column":25},"end":{"line":8,"column":88}},"type":"cond-expr","locations":[{"start":{"line":8,"column":35},"end":{"line":8,"column":81}},{"start":{"line":8,"column":84},"end":{"line":8,"column":88}}],"line":8},"2":{"loc":{"start":{"line":10,"column":11},"end":{"line":10,"column":54}},"type":"binary-expr","locations":[{"start":{"line":10,"column":11},"end":{"line":10,"column":25}},{"start":{"line":10,"column":29},"end":{"line":10,"column":41}},{"start":{"line":10,"column":45},"end":{"line":10,"column":54}}],"line":10},"3":{"loc":{"start":{"line":12,"column":4},"end":{"line":16,"column":5}},"type":"if","locations":[{"start":{"line":12,"column":4},"end":{"line":16,"column":5}},{"start":{"line":12,"column":4},"end":{"line":16,"column":5}}],"line":12},"4":{"loc":{"start":{"line":13,"column":13},"end":{"line":13,"column":47}},"type":"cond-expr","locations":[{"start":{"line":13,"column":41},"end":{"line":13,"column":43}},{"start":{"line":13,"column":46},"end":{"line":13,"column":47}}],"line":13},"5":{"loc":{"start":{"line":14,"column":11},"end":{"line":16,"column":5}},"type":"if","locations":[{"start":{"line":14,"column":11},"end":{"line":16,"column":5}},{"start":{"line":14,"column":11},"end":{"line":16,"column":5}}],"line":14},"6":{"loc":{"start":{"line":15,"column":13},"end":{"line":15,"column":53}},"type":"cond-expr","locations":[{"start":{"line":15,"column":47},"end":{"line":15,"column":49}},{"start":{"line":15,"column":52},"end":{"line":15,"column":53}}],"line":15}},"s":{"0":4,"1":4,"2":12,"3":12,"4":12,"5":12,"6":12,"7":3,"8":1,"9":2,"10":2},"f":{"0":4,"1":12,"2":3},"b":{"0":[3,9],"1":[3,9],"2":[12,11,9],"3":[1,2],"4":[0,1],"5":[2,0],"6":[1,1]},"_coverageSchema":"332fd63041d2c1bcb487cc26dd0d5f7d97098a6c","hash":"50be59d2e17d328f06109432ba3f26929fc637cc"}
}
