TN:
SF:/Users/ilyameerovich/Documents/Projects/React/expenseTracker/src/actions/expenseActions.js
FN:3,(anonymous_0)
FN:16,(anonymous_1)
FN:23,(anonymous_2)
FNF:3
FNH:3
FNDA:2,(anonymous_0)
FNDA:1,(anonymous_1)
FNDA:1,(anonymous_2)
DA:3,7
DA:4,2
DA:16,7
DA:17,1
DA:23,7
DA:24,1
LF:6
LH:6
BRDA:3,0,0,0
BRDA:3,1,0,1
BRDA:3,2,0,1
BRDA:3,3,0,1
BRDA:3,4,0,1
BRF:5
BRH:4
end_of_record
TN:
SF:/Users/ilyameerovich/Documents/Projects/React/expenseTracker/src/actions/filterActions.js
FN:1,(anonymous_0)
FN:8,(anonymous_1)
FN:14,(anonymous_2)
FN:20,(anonymous_3)
FN:27,(anonymous_4)
FNF:5
FNH:5
FNDA:2,(anonymous_0)
FNDA:1,(anonymous_1)
FNDA:1,(anonymous_2)
FNDA:1,(anonymous_3)
FNDA:1,(anonymous_4)
DA:1,3
DA:2,2
DA:8,3
DA:9,1
DA:14,3
DA:15,1
DA:20,3
DA:21,1
DA:27,3
DA:28,1
LF:10
LH:10
BRDA:1,0,0,1
BRDA:20,1,0,0
BRDA:27,2,0,0
BRF:3
BRH:1
end_of_record
TN:
SF:/Users/ilyameerovich/Documents/Projects/React/expenseTracker/src/components/CreateExpensePage.js
FN:7,(anonymous_0)
FN:11,(anonymous_1)
FN:15,(anonymous_2)
FN:28,(anonymous_3)
FN:30,(anonymous_4)
FNF:5
FNH:3
FNDA:2,(anonymous_0)
FNDA:1,(anonymous_1)
FNDA:2,(anonymous_2)
FNDA:0,(anonymous_3)
FNDA:0,(anonymous_4)
DA:8,2
DA:9,2
DA:12,1
DA:13,1
DA:16,2
DA:28,1
DA:29,0
DA:31,0
LF:8
LH:6
BRF:0
BRH:0
end_of_record
TN:
SF:/Users/ilyameerovich/Documents/Projects/React/expenseTracker/src/components/EditExpensePage.js
FN:7,(anonymous_0)
FN:12,(anonymous_1)
FN:16,(anonymous_2)
FN:21,(anonymous_3)
FN:40,(anonymous_4)
FN:42,(anonymous_5)
FN:46,(anonymous_6)
FN:48,(anonymous_7)
FN:51,(anonymous_8)
FNF:9
FNH:4
FNDA:3,(anonymous_0)
FNDA:1,(anonymous_1)
FNDA:1,(anonymous_2)
FNDA:3,(anonymous_3)
FNDA:0,(anonymous_4)
FNDA:0,(anonymous_5)
FNDA:0,(anonymous_6)
FNDA:0,(anonymous_7)
FNDA:0,(anonymous_8)
DA:8,3
DA:9,3
DA:10,3
DA:13,1
DA:14,1
DA:17,1
DA:18,1
DA:22,3
DA:40,1
DA:41,0
DA:42,0
DA:46,1
DA:47,0
DA:49,0
DA:52,0
LF:15
LH:10
BRF:0
BRH:0
end_of_record
TN:
SF:/Users/ilyameerovich/Documents/Projects/React/expenseTracker/src/components/ExpenseForm.js
FN:10,(anonymous_0)
FN:29,(anonymous_1)
FN:31,(anonymous_2)
FN:38,(anonymous_3)
FN:41,(anonymous_4)
FN:49,(anonymous_5)
FN:51,(anonymous_6)
FN:58,(anonymous_7)
FN:60,(anonymous_8)
FN:68,(anonymous_9)
FN:69,(anonymous_10)
FN:75,(anonymous_11)
FN:78,(anonymous_12)
FN:84,(anonymous_13)
FN:97,(anonymous_14)
FN:109,(anonymous_15)
FNF:16
FNH:15
FNDA:10,(anonymous_0)
FNDA:1,(anonymous_1)
FNDA:1,(anonymous_2)
FNDA:2,(anonymous_3)
FNDA:1,(anonymous_4)
FNDA:1,(anonymous_5)
FNDA:1,(anonymous_6)
FNDA:1,(anonymous_7)
FNDA:1,(anonymous_8)
FNDA:1,(anonymous_9)
FNDA:1,(anonymous_10)
FNDA:2,(anonymous_11)
FNDA:1,(anonymous_12)
FNDA:1,(anonymous_13)
FNDA:17,(anonymous_14)
FNDA:0,(anonymous_15)
DA:11,10
DA:12,10
DA:21,10
DA:22,10
DA:23,10
DA:24,10
DA:25,10
DA:26,10
DA:30,1
DA:31,1
DA:32,1
DA:39,2
DA:40,2
DA:41,1
DA:42,1
DA:50,1
DA:51,1
DA:52,1
DA:59,1
DA:60,1
DA:61,1
DA:69,1
DA:70,1
DA:76,2
DA:77,2
DA:78,1
DA:84,1
DA:88,1
DA:98,17
DA:109,0
LF:30
LH:29
BRDA:13,0,0,2
BRDA:13,0,1,8
BRDA:14,1,0,2
BRDA:14,1,1,8
BRDA:15,2,0,2
BRDA:15,2,1,8
BRDA:16,3,0,2
BRDA:16,3,1,8
BRDA:40,4,0,1
BRDA:40,4,1,1
BRDA:40,5,0,2
BRDA:40,5,1,2
BRDA:59,6,0,1
BRDA:59,6,1,0
BRDA:77,7,0,1
BRDA:77,7,1,1
BRDA:77,8,0,2
BRDA:77,8,1,1
BRF:18
BRH:17
end_of_record
TN:
SF:/Users/ilyameerovich/Documents/Projects/React/expenseTracker/src/components/ExpenseList.js
FN:13,(anonymous_0)
FN:22,(anonymous_1)
FN:32,(anonymous_2)
FNF:3
FNH:2
FNDA:2,(anonymous_0)
FNDA:1,(anonymous_1)
FNDA:0,(anonymous_2)
DA:8,2
DA:13,2
DA:15,2
DA:23,1
DA:32,2
DA:33,0
LF:6
LH:5
BRDA:19,0,0,1
BRDA:19,0,1,1
BRF:2
BRH:2
end_of_record
TN:
SF:/Users/ilyameerovich/Documents/Projects/React/expenseTracker/src/components/ExpenseListFilters.js
FN:7,(anonymous_0)
FN:14,(anonymous_1)
FN:18,(anonymous_2)
FN:19,(anonymous_3)
FN:25,(anonymous_4)
FN:28,(anonymous_5)
FN:36,(anonymous_6)
FN:61,(anonymous_7)
FN:70,(anonymous_8)
FN:76,(anonymous_9)
FN:78,(anonymous_10)
FN:81,(anonymous_11)
FN:84,(anonymous_12)
FN:87,(anonymous_13)
FN:90,(anonymous_14)
FNF:15
FNH:7
FNDA:7,(anonymous_0)
FNDA:1,(anonymous_1)
FNDA:1,(anonymous_2)
FNDA:1,(anonymous_3)
FNDA:1,(anonymous_4)
FNDA:2,(anonymous_5)
FNDA:9,(anonymous_6)
FNDA:0,(anonymous_7)
FNDA:0,(anonymous_8)
FNDA:0,(anonymous_9)
FNDA:0,(anonymous_10)
FNDA:0,(anonymous_11)
FNDA:0,(anonymous_12)
FNDA:0,(anonymous_13)
FNDA:0,(anonymous_14)
DA:8,7
DA:9,7
DA:15,1
DA:16,1
DA:19,1
DA:20,1
DA:26,1
DA:29,2
DA:30,1
DA:32,1
DA:37,9
DA:61,0
DA:70,2
DA:71,0
DA:76,2
DA:77,0
DA:79,0
DA:82,0
DA:85,0
DA:88,0
DA:91,0
LF:21
LH:13
BRDA:29,0,0,1
BRDA:29,0,1,1
BRF:2
BRH:2
end_of_record
TN:
SF:/Users/ilyameerovich/Documents/Projects/React/expenseTracker/src/components/ExpenseListItem.js
FN:6,(anonymous_0)
FNF:1
FNH:1
FNDA:1,(anonymous_0)
DA:6,3
DA:7,1
LF:2
LH:2
BRF:0
BRH:0
end_of_record
TN:
SF:/Users/ilyameerovich/Documents/Projects/React/expenseTracker/src/components/Header.js
FN:6,(anonymous_0)
FNF:1
FNH:1
FNDA:1,(anonymous_0)
DA:7,1
DA:18,1
DA:26,1
DA:32,1
DA:39,1
DA:43,1
DA:48,1
LF:7
LH:7
BRF:0
BRH:0
end_of_record
TN:
SF:/Users/ilyameerovich/Documents/Projects/React/expenseTracker/src/components/HelpPage.js
FN:3,(anonymous_0)
FNF:1
FNH:1
FNDA:1,(anonymous_0)
DA:3,1
DA:4,1
LF:2
LH:2
BRF:0
BRH:0
end_of_record
TN:
SF:/Users/ilyameerovich/Documents/Projects/React/expenseTracker/src/components/HomeDashboard.js
FN:5,(anonymous_0)
FNF:1
FNH:1
FNDA:1,(anonymous_0)
DA:5,1
DA:6,1
LF:2
LH:2
BRF:0
BRH:0
end_of_record
TN:
SF:/Users/ilyameerovich/Documents/Projects/React/expenseTracker/src/components/NotFoundPage.js
FN:5,(anonymous_0)
FNF:1
FNH:1
FNDA:1,(anonymous_0)
DA:5,1
DA:6,1
LF:2
LH:2
BRF:0
BRH:0
end_of_record
TN:
SF:/Users/ilyameerovich/Documents/Projects/React/expenseTracker/src/components/setupTests.js
FNF:0
FNH:0
DA:4,15
LF:1
LH:1
BRF:0
BRH:0
end_of_record
TN:
SF:/Users/ilyameerovich/Documents/Projects/React/expenseTracker/src/reducers/expensesReducer.js
FN:1,(anonymous_0)
FN:9,(anonymous_1)
FN:11,(anonymous_2)
FNF:3
FNH:3
FNDA:6,(anonymous_0)
FNDA:2,(anonymous_1)
FNDA:2,(anonymous_2)
DA:1,1
DA:2,6
DA:4,1
DA:9,2
DA:11,2
DA:12,2
DA:13,1
DA:19,1
DA:23,1
LF:9
LH:9
BRDA:1,0,0,2
BRDA:2,1,0,1
BRDA:2,1,1,2
BRDA:2,1,2,2
BRDA:2,1,3,1
BRDA:12,2,0,1
BRDA:12,2,1,1
BRF:7
BRH:7
end_of_record
TN:
SF:/Users/ilyameerovich/Documents/Projects/React/expenseTracker/src/reducers/filtersReducer.js
FN:12,(anonymous_0)
FNF:1
FNH:1
FNDA:6,(anonymous_0)
DA:4,1
DA:12,1
DA:13,6
DA:15,1
DA:20,1
DA:25,1
DA:30,1
DA:35,1
DA:40,1
LF:9
LH:9
BRDA:12,0,0,6
BRDA:13,1,0,1
BRDA:13,1,1,1
BRDA:13,1,2,1
BRDA:13,1,3,1
BRDA:13,1,4,1
BRDA:13,1,5,1
BRF:7
BRH:7
end_of_record
TN:
SF:/Users/ilyameerovich/Documents/Projects/React/expenseTracker/src/selectors/expenses.js
FN:3,(anonymous_0)
FN:5,(anonymous_1)
FN:11,(anonymous_2)
FNF:3
FNH:3
FNDA:4,(anonymous_0)
FNDA:12,(anonymous_1)
FNDA:3,(anonymous_2)
DA:3,3
DA:5,4
DA:6,12
DA:7,12
DA:8,12
DA:9,12
DA:10,12
DA:12,3
DA:13,1
DA:14,2
DA:15,2
LF:11
LH:11
BRDA:7,0,0,3
BRDA:7,0,1,9
BRDA:8,1,0,3
BRDA:8,1,1,9
BRDA:10,2,0,12
BRDA:10,2,1,11
BRDA:10,2,2,9
BRDA:12,3,0,1
BRDA:12,3,1,2
BRDA:13,4,0,0
BRDA:13,4,1,1
BRDA:14,5,0,2
BRDA:14,5,1,0
BRDA:15,6,0,1
BRDA:15,6,1,1
BRF:15
BRH:13
end_of_record
