TN:
SF:/Users/ilyameerovich/Documents/Projects/React/expenseTracker/src/actions/authActions.js
FN:3,(anonymous_0)
FN:10,(anonymous_1)
FN:16,(anonymous_2)
FN:17,(anonymous_3)
FN:22,(anonymous_4)
FN:23,(anonymous_5)
FNF:6
FNH:2
FNDA:1,(anonymous_0)
FNDA:1,(anonymous_1)
FNDA:0,(anonymous_2)
FNDA:0,(anonymous_3)
FNDA:0,(anonymous_4)
FNDA:0,(anonymous_5)
DA:3,3
DA:4,1
DA:10,3
DA:11,1
DA:16,3
DA:17,0
DA:18,0
DA:22,3
DA:23,0
DA:24,0
LF:10
LH:6
BRF:0
BRH:0
end_of_record
TN:
SF:/Users/ilyameerovich/Documents/Projects/React/expenseTracker/src/actions/expenseActions.js
FN:5,(anonymous_0)
FN:12,(anonymous_1)
FN:13,(anonymous_2)
FN:23,(anonymous_3)
FN:32,(anonymous_4)
FN:39,(anonymous_5)
FN:40,(anonymous_6)
FN:43,(anonymous_7)
FN:49,(anonymous_8)
FN:59,(anonymous_9)
FN:60,(anonymous_10)
FN:66,(anonymous_11)
FN:72,(anonymous_12)
FN:79,(anonymous_13)
FN:80,(anonymous_14)
FN:83,(anonymous_15)
FN:85,(anonymous_16)
FNF:17
FNH:17
FNDA:3,(anonymous_0)
FNDA:2,(anonymous_1)
FNDA:2,(anonymous_2)
FNDA:2,(anonymous_3)
FNDA:2,(anonymous_4)
FNDA:1,(anonymous_5)
FNDA:1,(anonymous_6)
FNDA:1,(anonymous_7)
FNDA:2,(anonymous_8)
FNDA:1,(anonymous_9)
FNDA:1,(anonymous_10)
FNDA:1,(anonymous_11)
FNDA:2,(anonymous_12)
FNDA:1,(anonymous_13)
FNDA:1,(anonymous_14)
FNDA:1,(anonymous_15)
FNDA:2,(anonymous_16)
DA:5,3
DA:6,3
DA:12,3
DA:13,2
DA:14,2
DA:15,2
DA:16,2
DA:23,2
DA:24,2
DA:32,3
DA:33,2
DA:39,3
DA:40,1
DA:41,1
DA:42,1
DA:44,1
DA:49,3
DA:50,2
DA:59,3
DA:60,1
DA:61,1
DA:62,1
DA:67,1
DA:72,3
DA:73,2
DA:79,3
DA:80,1
DA:81,1
DA:82,1
DA:84,1
DA:85,1
DA:86,2
DA:91,1
LF:33
LH:33
BRDA:12,0,0,0
BRDA:15,1,0,1
BRDA:15,2,0,1
BRDA:15,3,0,1
BRDA:15,4,0,1
BRF:5
BRH:4
end_of_record
TN:
SF:/Users/ilyameerovich/Documents/Projects/React/expenseTracker/src/actions/filterActions.js
FN:1,(anonymous_0)
FN:8,(anonymous_1)
FN:14,(anonymous_2)
FN:20,(anonymous_3)
FN:27,(anonymous_4)
FNF:5
FNH:5
FNDA:2,(anonymous_0)
FNDA:1,(anonymous_1)
FNDA:1,(anonymous_2)
FNDA:1,(anonymous_3)
FNDA:1,(anonymous_4)
DA:1,3
DA:2,2
DA:8,3
DA:9,1
DA:14,3
DA:15,1
DA:20,3
DA:21,1
DA:27,3
DA:28,1
LF:10
LH:10
BRDA:1,0,0,1
BRDA:20,1,0,0
BRDA:27,2,0,0
BRF:3
BRH:1
end_of_record
TN:
SF:/Users/ilyameerovich/Documents/Projects/React/expenseTracker/src/components/CreateExpensePage.js
FN:8,(anonymous_0)
FN:12,(anonymous_1)
FN:16,(anonymous_2)
FN:29,(anonymous_3)
FN:31,(anonymous_4)
FNF:5
FNH:3
FNDA:2,(anonymous_0)
FNDA:1,(anonymous_1)
FNDA:2,(anonymous_2)
FNDA:0,(anonymous_3)
FNDA:0,(anonymous_4)
DA:9,2
DA:10,2
DA:13,1
DA:14,1
DA:17,2
DA:29,1
DA:30,0
DA:32,0
LF:8
LH:6
BRF:0
BRH:0
end_of_record
TN:
SF:/Users/ilyameerovich/Documents/Projects/React/expenseTracker/src/components/EditExpensePage.js
FN:9,(anonymous_0)
FN:14,(anonymous_1)
FN:18,(anonymous_2)
FN:23,(anonymous_3)
FN:44,(anonymous_4)
FN:46,(anonymous_5)
FN:50,(anonymous_6)
FN:52,(anonymous_7)
FN:55,(anonymous_8)
FNF:9
FNH:4
FNDA:3,(anonymous_0)
FNDA:1,(anonymous_1)
FNDA:1,(anonymous_2)
FNDA:3,(anonymous_3)
FNDA:0,(anonymous_4)
FNDA:0,(anonymous_5)
FNDA:0,(anonymous_6)
FNDA:0,(anonymous_7)
FNDA:0,(anonymous_8)
DA:10,3
DA:11,3
DA:12,3
DA:15,1
DA:16,1
DA:19,1
DA:20,1
DA:24,3
DA:44,1
DA:45,0
DA:46,0
DA:50,1
DA:51,0
DA:53,0
DA:56,0
LF:15
LH:10
BRF:0
BRH:0
end_of_record
TN:
SF:/Users/ilyameerovich/Documents/Projects/React/expenseTracker/src/components/ExpenseForm.js
FN:10,(anonymous_0)
FN:29,(anonymous_1)
FN:31,(anonymous_2)
FN:38,(anonymous_3)
FN:41,(anonymous_4)
FN:49,(anonymous_5)
FN:51,(anonymous_6)
FN:58,(anonymous_7)
FN:60,(anonymous_8)
FN:68,(anonymous_9)
FN:69,(anonymous_10)
FN:75,(anonymous_11)
FN:78,(anonymous_12)
FN:84,(anonymous_13)
FN:97,(anonymous_14)
FN:109,(anonymous_15)
FNF:16
FNH:15
FNDA:10,(anonymous_0)
FNDA:1,(anonymous_1)
FNDA:1,(anonymous_2)
FNDA:2,(anonymous_3)
FNDA:1,(anonymous_4)
FNDA:1,(anonymous_5)
FNDA:1,(anonymous_6)
FNDA:1,(anonymous_7)
FNDA:1,(anonymous_8)
FNDA:1,(anonymous_9)
FNDA:1,(anonymous_10)
FNDA:2,(anonymous_11)
FNDA:1,(anonymous_12)
FNDA:1,(anonymous_13)
FNDA:17,(anonymous_14)
FNDA:0,(anonymous_15)
DA:11,10
DA:12,10
DA:21,10
DA:22,10
DA:23,10
DA:24,10
DA:25,10
DA:26,10
DA:30,1
DA:31,1
DA:32,1
DA:39,2
DA:40,2
DA:41,1
DA:42,1
DA:50,1
DA:51,1
DA:52,1
DA:59,1
DA:60,1
DA:61,1
DA:69,1
DA:70,1
DA:76,2
DA:77,2
DA:78,1
DA:84,1
DA:88,1
DA:98,17
DA:109,0
LF:30
LH:29
BRDA:13,0,0,2
BRDA:13,0,1,8
BRDA:14,1,0,2
BRDA:14,1,1,8
BRDA:15,2,0,2
BRDA:15,2,1,8
BRDA:16,3,0,2
BRDA:16,3,1,8
BRDA:40,4,0,1
BRDA:40,4,1,1
BRDA:40,5,0,2
BRDA:40,5,1,2
BRDA:59,6,0,1
BRDA:59,6,1,0
BRDA:77,7,0,1
BRDA:77,7,1,1
BRDA:77,8,0,2
BRDA:77,8,1,1
BRF:18
BRH:17
end_of_record
TN:
SF:/Users/ilyameerovich/Documents/Projects/React/expenseTracker/src/components/ExpenseList.js
FN:8,(anonymous_0)
FN:17,(anonymous_1)
FN:27,(anonymous_2)
FNF:3
FNH:2
FNDA:2,(anonymous_0)
FNDA:1,(anonymous_1)
FNDA:0,(anonymous_2)
DA:8,2
DA:10,2
DA:18,1
DA:27,2
DA:28,0
LF:5
LH:4
BRDA:14,0,0,1
BRDA:14,0,1,1
BRF:2
BRH:2
end_of_record
TN:
SF:/Users/ilyameerovich/Documents/Projects/React/expenseTracker/src/components/ExpenseListFilters.js
FN:9,(anonymous_0)
FN:16,(anonymous_1)
FN:20,(anonymous_2)
FN:21,(anonymous_3)
FN:27,(anonymous_4)
FN:30,(anonymous_5)
FN:38,(anonymous_6)
FN:74,(anonymous_7)
FN:84,(anonymous_8)
FN:90,(anonymous_9)
FN:92,(anonymous_10)
FN:95,(anonymous_11)
FN:98,(anonymous_12)
FN:101,(anonymous_13)
FN:104,(anonymous_14)
FNF:15
FNH:7
FNDA:7,(anonymous_0)
FNDA:1,(anonymous_1)
FNDA:1,(anonymous_2)
FNDA:1,(anonymous_3)
FNDA:1,(anonymous_4)
FNDA:2,(anonymous_5)
FNDA:9,(anonymous_6)
FNDA:0,(anonymous_7)
FNDA:0,(anonymous_8)
FNDA:0,(anonymous_9)
FNDA:0,(anonymous_10)
FNDA:0,(anonymous_11)
FNDA:0,(anonymous_12)
FNDA:0,(anonymous_13)
FNDA:0,(anonymous_14)
DA:10,7
DA:11,7
DA:17,1
DA:18,1
DA:21,1
DA:22,1
DA:28,1
DA:31,2
DA:32,1
DA:34,1
DA:40,9
DA:74,0
DA:84,2
DA:85,0
DA:90,2
DA:91,0
DA:93,0
DA:96,0
DA:99,0
DA:102,0
DA:105,0
LF:21
LH:13
BRDA:31,0,0,1
BRDA:31,0,1,1
BRF:2
BRH:2
end_of_record
TN:
SF:/Users/ilyameerovich/Documents/Projects/React/expenseTracker/src/components/ExpenseListItem.js
FN:38,(anonymous_0)
FNF:1
FNH:1
FNDA:1,(anonymous_0)
DA:8,3
DA:31,3
DA:38,3
DA:39,1
LF:4
LH:4
BRF:0
BRH:0
end_of_record
TN:
SF:/Users/ilyameerovich/Documents/Projects/React/expenseTracker/src/components/ExpenseSummary.js
FN:12,(anonymous_0)
FN:18,(anonymous_1)
FN:22,(anonymous_2)
FN:45,(anonymous_3)
FNF:4
FNH:3
FNDA:3,(anonymous_0)
FNDA:3,(anonymous_1)
FNDA:3,(anonymous_2)
FNDA:0,(anonymous_3)
DA:13,3
DA:15,3
DA:19,3
DA:23,3
DA:24,3
DA:45,2
DA:46,0
LF:7
LH:6
BRDA:23,0,0,1
BRDA:23,0,1,2
BRF:2
BRH:2
end_of_record
TN:
SF:/Users/ilyameerovich/Documents/Projects/React/expenseTracker/src/components/Header.js
FN:9,(anonymous_0)
FN:18,(anonymous_1)
FN:22,(anonymous_2)
FN:26,(anonymous_3)
FN:58,(anonymous_4)
FN:60,(anonymous_5)
FNF:6
FNH:3
FNDA:2,(anonymous_0)
FNDA:1,(anonymous_1)
FNDA:0,(anonymous_2)
FNDA:2,(anonymous_3)
FNDA:0,(anonymous_4)
FNDA:0,(anonymous_5)
DA:10,2
DA:11,2
DA:12,2
DA:14,2
DA:19,1
DA:23,0
DA:27,2
DA:58,1
DA:59,0
DA:61,0
LF:10
LH:7
BRF:0
BRH:0
end_of_record
TN:
SF:/Users/ilyameerovich/Documents/Projects/React/expenseTracker/src/components/HomeDashboard.js
FN:9,(anonymous_0)
FNF:1
FNH:1
FNDA:1,(anonymous_0)
DA:9,1
DA:10,1
LF:2
LH:2
BRF:0
BRH:0
end_of_record
TN:
SF:/Users/ilyameerovich/Documents/Projects/React/expenseTracker/src/components/LoginPage.js
FN:8,(anonymous_0)
FN:26,(anonymous_1)
FN:28,(anonymous_2)
FNF:3
FNH:1
FNDA:2,(anonymous_0)
FNDA:0,(anonymous_1)
FNDA:0,(anonymous_2)
DA:8,1
DA:9,2
DA:26,1
DA:27,0
DA:29,0
LF:5
LH:3
BRF:0
BRH:0
end_of_record
TN:
SF:/Users/ilyameerovich/Documents/Projects/React/expenseTracker/src/components/NotFoundPage.js
FN:5,(anonymous_0)
FNF:1
FNH:1
FNDA:1,(anonymous_0)
DA:5,1
DA:6,1
LF:2
LH:2
BRF:0
BRH:0
end_of_record
TN:
SF:/Users/ilyameerovich/Documents/Projects/React/expenseTracker/src/components/setupTests.js
FNF:0
FNH:0
DA:5,19
DA:7,19
LF:2
LH:2
BRF:0
BRH:0
end_of_record
TN:
SF:/Users/ilyameerovich/Documents/Projects/React/expenseTracker/src/components/StyledComponents/Header/index.js
FN:50,(anonymous_0)
FNF:1
FNH:0
FNDA:0,(anonymous_0)
DA:4,1
DA:46,1
DA:50,0
DA:95,1
DA:107,1
LF:5
LH:4
BRDA:50,0,0,0
BRDA:50,0,1,0
BRF:2
BRH:0
end_of_record
TN:
SF:/Users/ilyameerovich/Documents/Projects/React/expenseTracker/src/components/StyledComponents/HomeDashboard/index.js
FNF:0
FNH:0
DA:3,4
DA:8,4
DA:23,4
DA:36,4
LF:4
LH:4
BRF:0
BRH:0
end_of_record
TN:
SF:/Users/ilyameerovich/Documents/Projects/React/expenseTracker/src/components/StyledComponents/LoginPage/index.js
FNF:0
FNH:0
DA:4,1
DA:16,1
LF:2
LH:2
BRF:0
BRH:0
end_of_record
TN:
SF:/Users/ilyameerovich/Documents/Projects/React/expenseTracker/src/components/StyledComponents/Shared/index.js
FN:4,(anonymous_0)
FN:65,(anonymous_1)
FN:77,(anonymous_2)
FNF:3
FNH:0
FNDA:0,(anonymous_0)
FNDA:0,(anonymous_1)
FNDA:0,(anonymous_2)
DA:3,7
DA:4,0
DA:11,7
DA:20,7
DA:32,7
DA:42,7
DA:53,7
DA:65,0
DA:77,0
LF:9
LH:6
BRDA:4,0,0,0
BRDA:4,0,1,0
BRDA:65,1,0,0
BRDA:65,1,1,0
BRDA:77,2,0,0
BRDA:77,2,1,0
BRF:6
BRH:0
end_of_record
TN:
SF:/Users/ilyameerovich/Documents/Projects/React/expenseTracker/src/firebase/firebase.js
FNF:0
FNH:0
DA:3,6
DA:12,6
DA:14,6
DA:16,6
LF:4
LH:4
BRF:0
BRH:0
end_of_record
TN:
SF:/Users/ilyameerovich/Documents/Projects/React/expenseTracker/src/reducers/authReducer.js
FN:1,(anonymous_0)
FNF:1
FNH:1
FNDA:2,(anonymous_0)
DA:1,1
DA:2,2
DA:4,1
DA:8,1
DA:10,0
LF:5
LH:4
BRDA:1,0,0,1
BRDA:2,1,0,1
BRDA:2,1,1,1
BRDA:2,1,2,0
BRF:4
BRH:3
end_of_record
TN:
SF:/Users/ilyameerovich/Documents/Projects/React/expenseTracker/src/reducers/expensesReducer.js
FN:1,(anonymous_0)
FN:9,(anonymous_1)
FN:11,(anonymous_2)
FNF:3
FNH:3
FNDA:7,(anonymous_0)
FNDA:2,(anonymous_1)
FNDA:2,(anonymous_2)
DA:1,1
DA:2,7
DA:4,1
DA:9,2
DA:11,2
DA:12,2
DA:13,1
DA:19,1
DA:23,1
DA:25,1
LF:10
LH:10
BRDA:1,0,0,3
BRDA:2,1,0,1
BRDA:2,1,1,2
BRDA:2,1,2,2
BRDA:2,1,3,1
BRDA:2,1,4,1
BRDA:12,2,0,1
BRDA:12,2,1,1
BRF:8
BRH:8
end_of_record
TN:
SF:/Users/ilyameerovich/Documents/Projects/React/expenseTracker/src/reducers/filtersReducer.js
FN:12,(anonymous_0)
FNF:1
FNH:1
FNDA:6,(anonymous_0)
DA:4,1
DA:12,1
DA:13,6
DA:15,1
DA:20,1
DA:25,1
DA:30,1
DA:35,1
DA:40,1
LF:9
LH:9
BRDA:12,0,0,6
BRDA:13,1,0,1
BRDA:13,1,1,1
BRDA:13,1,2,1
BRDA:13,1,3,1
BRDA:13,1,4,1
BRDA:13,1,5,1
BRF:7
BRH:7
end_of_record
TN:
SF:/Users/ilyameerovich/Documents/Projects/React/expenseTracker/src/selectors/expenseTotal.js
FN:1,(anonymous_0)
FN:2,(anonymous_1)
FNF:2
FNH:2
FNDA:5,(anonymous_0)
FNDA:6,(anonymous_1)
DA:1,3
DA:2,6
LF:2
LH:2
BRF:0
BRH:0
end_of_record
TN:
SF:/Users/ilyameerovich/Documents/Projects/React/expenseTracker/src/selectors/expenses.js
FN:3,(anonymous_0)
FN:5,(anonymous_1)
FN:11,(anonymous_2)
FNF:3
FNH:3
FNDA:4,(anonymous_0)
FNDA:12,(anonymous_1)
FNDA:3,(anonymous_2)
DA:3,4
DA:5,4
DA:6,12
DA:7,12
DA:8,12
DA:9,12
DA:10,12
DA:12,3
DA:13,1
DA:14,2
DA:15,2
LF:11
LH:11
BRDA:7,0,0,3
BRDA:7,0,1,9
BRDA:8,1,0,3
BRDA:8,1,1,9
BRDA:10,2,0,12
BRDA:10,2,1,11
BRDA:10,2,2,9
BRDA:12,3,0,1
BRDA:12,3,1,2
BRDA:13,4,0,0
BRDA:13,4,1,1
BRDA:14,5,0,2
BRDA:14,5,1,0
BRDA:15,6,0,1
BRDA:15,6,1,1
BRF:15
BRH:13
end_of_record
